2024-05-18 16:59:09,395 [main] INFO  client.Client - Sent:
2024-05-18 16:59:09,397 [main] INFO  client.Client - [Q, 14, 65]
2024-05-18 16:59:09,397 [main] INFO  client.Client - [A, 87, 50]
2024-05-18 16:59:09,398 [main] INFO  client.Client - [D, 38, 51]
2024-05-18 16:59:09,398 [main] INFO  client.Client - [D, 34, 40]
2024-05-18 16:59:09,398 [main] INFO  client.Client - [Q, 79, 48]
2024-05-18 16:59:09,398 [main] INFO  client.Client - [Q, 55, 28]
2024-05-18 16:59:09,398 [main] INFO  client.Client - [Q, 33, 29]
2024-05-18 16:59:09,399 [main] INFO  client.Client - [A, 69, 25]
2024-05-18 16:59:09,399 [main] INFO  client.Client - [Q, 81, 36]
2024-05-18 16:59:09,399 [main] INFO  client.Client - [A, 51, 29]
2024-05-18 16:59:09,399 [main] INFO  client.Client - [Q, 63, 39]
2024-05-18 16:59:09,399 [main] INFO  client.Client - [Q, 61, 62]
2024-05-18 16:59:09,399 [main] INFO  client.Client - [Q, 11, 5]
2024-05-18 16:59:09,399 [main] INFO  client.Client - [Q, 88, 12]
2024-05-18 16:59:09,400 [main] INFO  client.Client - [A, 89, 24]
2024-05-18 16:59:09,400 [main] INFO  client.Client - [D, 48, 97]
2024-05-18 16:59:09,400 [main] INFO  client.Client - [Q, 64, 13]
2024-05-18 16:59:09,400 [main] INFO  client.Client - [D, 2, 59]
2024-05-18 16:59:09,400 [main] INFO  client.Client - [Q, 71, 57]
2024-05-18 16:59:09,401 [main] INFO  client.Client - [D, 34, 25]
2024-05-18 16:59:09,401 [main] INFO  client.Client - [Q, 33, 37]
2024-05-18 16:59:09,401 [main] INFO  client.Client - [D, 83, 33]
2024-05-18 16:59:09,401 [main] INFO  client.Client - [Q, 92, 20]
2024-05-18 16:59:09,401 [main] INFO  client.Client - [Q, 91, 10]
2024-05-18 16:59:09,401 [main] INFO  client.Client - [D, 97, 91]
2024-05-18 16:59:09,401 [main] INFO  client.Client - [D, 80, 51]
2024-05-18 16:59:09,401 [main] INFO  client.Client - [Q, 70, 45]
2024-05-18 16:59:09,402 [main] INFO  client.Client - [D, 56, 47]
2024-05-18 16:59:09,402 [main] INFO  client.Client - [A, 74, 55]
2024-05-18 16:59:09,402 [main] INFO  client.Client - [Q, 84, 49]
2024-05-18 16:59:09,402 [main] INFO  client.Client - [Q, 15, 46]
2024-05-18 16:59:09,402 [main] INFO  client.Client - [Q, 5, 83]
2024-05-18 16:59:09,402 [main] INFO  client.Client - [A, 90, 92]
2024-05-18 16:59:09,403 [main] INFO  client.Client - [Q, 64, 89]
2024-05-18 16:59:09,403 [main] INFO  client.Client - [D, 41, 66]
2024-05-18 16:59:09,403 [main] INFO  client.Client - [A, 21, 31]
2024-05-18 16:59:09,403 [main] INFO  client.Client - [D, 30, 80]
2024-05-18 16:59:09,403 [main] INFO  client.Client - [D, 38, 91]
2024-05-18 16:59:09,403 [main] INFO  client.Client - [Q, 8, 1]
2024-05-18 16:59:09,404 [main] INFO  client.Client - [D, 74, 52]
2024-05-18 16:59:09,404 [main] INFO  client.Client - [D, 42, 10]
2024-05-18 16:59:09,404 [main] INFO  client.Client - [Q, 82, 28]
2024-05-18 16:59:09,404 [main] INFO  client.Client - [A, 68, 8]
2024-05-18 16:59:09,404 [main] INFO  client.Client - [Q, 95, 78]
2024-05-18 16:59:09,404 [main] INFO  client.Client - [D, 51, 53]
2024-05-18 16:59:09,405 [main] INFO  client.Client - [D, 42, 62]
2024-05-18 16:59:09,405 [main] INFO  client.Client - [Q, 74, 60]
2024-05-18 16:59:09,405 [main] INFO  client.Client - [A, 70, 68]
2024-05-18 16:59:09,405 [main] INFO  client.Client - [Q, 31, 47]
2024-05-18 16:59:09,405 [main] INFO  client.Client - [A, 0, 11]
2024-05-18 16:59:09,405 [main] INFO  client.Client - [Q, 13, 11]
2024-05-18 16:59:09,405 [main] INFO  client.Client - [Q, 75, 42]
2024-05-18 16:59:09,405 [main] INFO  client.Client - [A, 54, 78]
2024-05-18 16:59:09,405 [main] INFO  client.Client - [D, 46, 29]
2024-05-18 16:59:09,406 [main] INFO  client.Client - [A, 0, 53]
2024-05-18 16:59:09,406 [main] INFO  client.Client - [A, 89, 78]
2024-05-18 16:59:09,406 [main] INFO  client.Client - [A, 14, 38]
2024-05-18 16:59:09,406 [main] INFO  client.Client - [Q, 91, 36]
2024-05-18 16:59:09,406 [main] INFO  client.Client - [A, 12, 46]
2024-05-18 16:59:09,407 [main] INFO  client.Client - [A, 4, 93]
2024-05-18 16:59:09,407 [main] INFO  client.Client - [Q, 14, 43]
2024-05-18 16:59:09,408 [main] INFO  client.Client - [Q, 36, 26]
2024-05-18 16:59:09,409 [main] INFO  client.Client - [A, 62, 96]
2024-05-18 16:59:09,409 [main] INFO  client.Client - [Q, 94, 12]
2024-05-18 16:59:09,410 [main] INFO  client.Client - [D, 30, 71]
2024-05-18 16:59:09,410 [main] INFO  client.Client - [Q, 34, 52]
2024-05-18 16:59:09,410 [main] INFO  client.Client - [D, 6, 86]
2024-05-18 16:59:09,410 [main] INFO  client.Client - [Q, 59, 4]
2024-05-18 16:59:09,410 [main] INFO  client.Client - [A, 98, 37]
2024-05-18 16:59:09,410 [main] INFO  client.Client - [D, 44, 42]
2024-05-18 16:59:09,411 [main] INFO  client.Client - [Q, 45, 82]
2024-05-18 16:59:09,411 [main] INFO  client.Client - [D, 46, 42]
2024-05-18 16:59:09,411 [main] INFO  client.Client - [D, 19, 22]
2024-05-18 16:59:09,411 [main] INFO  client.Client - [Q, 46, 27]
2024-05-18 16:59:09,411 [main] INFO  client.Client - [Q, 48, 59]
2024-05-18 16:59:09,411 [main] INFO  client.Client - [D, 23, 43]
2024-05-18 16:59:09,412 [main] INFO  client.Client - [D, 61, 8]
2024-05-18 16:59:09,412 [main] INFO  client.Client - [Q, 88, 40]
2024-05-18 16:59:09,412 [main] INFO  client.Client - [D, 31, 13]
2024-05-18 16:59:09,412 [main] INFO  client.Client - [D, 28, 81]
2024-05-18 16:59:09,412 [main] INFO  client.Client - [Q, 39, 37]
2024-05-18 16:59:09,412 [main] INFO  client.Client - [D, 54, 78]
2024-05-18 16:59:09,412 [main] INFO  client.Client - [Q, 33, 8]
2024-05-18 16:59:09,412 [main] INFO  client.Client - [Q, 95, 7]
2024-05-18 16:59:09,413 [main] INFO  client.Client - [Q, 19, 75]
2024-05-18 16:59:09,413 [main] INFO  client.Client - [A, 61, 53]
2024-05-18 16:59:09,413 [main] INFO  client.Client - [A, 80, 51]
2024-05-18 16:59:09,413 [main] INFO  client.Client - [D, 8, 62]
2024-05-18 16:59:09,413 [main] INFO  client.Client - [D, 90, 95]
2024-05-18 16:59:09,413 [main] INFO  client.Client - [Q, 1, 81]
2024-05-18 16:59:09,413 [main] INFO  client.Client - [Q, 43, 60]
2024-05-18 16:59:09,413 [main] INFO  client.Client - [D, 21, 93]
2024-05-18 16:59:09,413 [main] INFO  client.Client - [Q, 6, 97]
2024-05-18 16:59:09,413 [main] INFO  client.Client - [Q, 26, 72]
2024-05-18 16:59:09,414 [main] INFO  client.Client - [A, 86, 61]
2024-05-18 16:59:09,414 [main] INFO  client.Client - [A, 74, 6]
2024-05-18 16:59:09,414 [main] INFO  client.Client - [D, 91, 37]
2024-05-18 16:59:09,414 [main] INFO  client.Client - [D, 88, 44]
2024-05-18 16:59:09,414 [main] INFO  client.Client - [Q, 71, 96]
2024-05-18 16:59:09,414 [main] INFO  client.Client - [Q, 12, 34]
2024-05-18 16:59:09,482 [main] INFO  client.Client - Elapsed time: 60 milliseconds
2024-05-18 16:59:09,483 [main] INFO  client.Client - Received: [12, 7, 9, 9, 17, 16, 1, 6, 25, 14, 12, 4, 14, 20, 19, 16, 8, 14, 9, 10, 8, 14, 6, 10, 5, 11, 22, 6, 19, 12, 12, 9, 11, 5, 11, 8, 15, 16, 20, 13, 10, 17, 8, 3, 11, 9]
2024-05-18 16:59:09,490 [main] INFO  client.Client - Sent:
2024-05-18 16:59:09,491 [main] INFO  client.Client - [D, 18, 28]
2024-05-18 16:59:09,491 [main] INFO  client.Client - [Q, 78, 63]
2024-05-18 16:59:09,492 [main] INFO  client.Client - [D, 84, 47]
2024-05-18 16:59:09,492 [main] INFO  client.Client - [Q, 32, 93]
2024-05-18 16:59:09,492 [main] INFO  client.Client - [Q, 93, 59]
2024-05-18 16:59:09,492 [main] INFO  client.Client - [D, 9, 21]
2024-05-18 16:59:09,492 [main] INFO  client.Client - [Q, 59, 70]
2024-05-18 16:59:09,492 [main] INFO  client.Client - [Q, 72, 38]
2024-05-18 16:59:09,492 [main] INFO  client.Client - [A, 90, 59]
2024-05-18 16:59:09,492 [main] INFO  client.Client - [A, 78, 51]
2024-05-18 16:59:09,492 [main] INFO  client.Client - [Q, 22, 90]
2024-05-18 16:59:09,492 [main] INFO  client.Client - [A, 41, 93]
2024-05-18 16:59:09,493 [main] INFO  client.Client - [Q, 97, 68]
2024-05-18 16:59:09,493 [main] INFO  client.Client - [D, 34, 74]
2024-05-18 16:59:09,493 [main] INFO  client.Client - [A, 63, 40]
2024-05-18 16:59:09,493 [main] INFO  client.Client - [D, 57, 55]
2024-05-18 16:59:09,493 [main] INFO  client.Client - [D, 58, 54]
2024-05-18 16:59:09,494 [main] INFO  client.Client - [Q, 92, 68]
2024-05-18 16:59:09,494 [main] INFO  client.Client - [D, 17, 18]
2024-05-18 16:59:09,494 [main] INFO  client.Client - [D, 79, 16]
2024-05-18 16:59:09,494 [main] INFO  client.Client - [Q, 14, 80]
2024-05-18 16:59:09,494 [main] INFO  client.Client - [A, 18, 96]
2024-05-18 16:59:09,494 [main] INFO  client.Client - [A, 36, 63]
2024-05-18 16:59:09,495 [main] INFO  client.Client - [D, 37, 8]
2024-05-18 16:59:09,495 [main] INFO  client.Client - [Q, 69, 50]
2024-05-18 16:59:09,495 [main] INFO  client.Client - [Q, 31, 41]
2024-05-18 16:59:09,495 [main] INFO  client.Client - [Q, 36, 6]
2024-05-18 16:59:09,495 [main] INFO  client.Client - [D, 95, 66]
2024-05-18 16:59:09,496 [main] INFO  client.Client - [Q, 8, 99]
2024-05-18 16:59:09,496 [main] INFO  client.Client - [Q, 97, 48]
2024-05-18 16:59:09,496 [main] INFO  client.Client - [A, 27, 66]
2024-05-18 16:59:09,496 [main] INFO  client.Client - [A, 61, 97]
2024-05-18 16:59:09,496 [main] INFO  client.Client - [D, 7, 18]
2024-05-18 16:59:09,496 [main] INFO  client.Client - [A, 95, 19]
2024-05-18 16:59:09,497 [main] INFO  client.Client - [D, 38, 7]
2024-05-18 16:59:09,497 [main] INFO  client.Client - [A, 49, 51]
2024-05-18 16:59:09,497 [main] INFO  client.Client - [A, 47, 19]
2024-05-18 16:59:09,497 [main] INFO  client.Client - [A, 72, 2]
2024-05-18 16:59:09,497 [main] INFO  client.Client - [A, 56, 97]
2024-05-18 16:59:09,497 [main] INFO  client.Client - [Q, 92, 43]
2024-05-18 16:59:09,497 [main] INFO  client.Client - [A, 30, 75]
2024-05-18 16:59:09,497 [main] INFO  client.Client - [D, 17, 37]
2024-05-18 16:59:09,497 [main] INFO  client.Client - [A, 2, 70]
2024-05-18 16:59:09,497 [main] INFO  client.Client - [A, 97, 9]
2024-05-18 16:59:09,498 [main] INFO  client.Client - [D, 46, 71]
2024-05-18 16:59:09,498 [main] INFO  client.Client - [Q, 5, 83]
2024-05-18 16:59:09,498 [main] INFO  client.Client - [Q, 66, 94]
2024-05-18 16:59:09,498 [main] INFO  client.Client - [Q, 67, 93]
2024-05-18 16:59:09,498 [main] INFO  client.Client - [A, 80, 55]
2024-05-18 16:59:09,498 [main] INFO  client.Client - [Q, 24, 80]
2024-05-18 16:59:09,499 [main] INFO  client.Client - [A, 25, 85]
2024-05-18 16:59:09,499 [main] INFO  client.Client - [D, 4, 27]
2024-05-18 16:59:09,499 [main] INFO  client.Client - [D, 36, 34]
2024-05-18 16:59:09,499 [main] INFO  client.Client - [Q, 34, 45]
2024-05-18 16:59:09,500 [main] INFO  client.Client - [Q, 79, 1]
2024-05-18 16:59:09,500 [main] INFO  client.Client - [Q, 6, 40]
2024-05-18 16:59:09,500 [main] INFO  client.Client - [A, 50, 68]
2024-05-18 16:59:09,500 [main] INFO  client.Client - [Q, 77, 26]
2024-05-18 16:59:09,500 [main] INFO  client.Client - [Q, 27, 34]
2024-05-18 16:59:09,500 [main] INFO  client.Client - [Q, 46, 21]
2024-05-18 16:59:09,500 [main] INFO  client.Client - [Q, 50, 40]
2024-05-18 16:59:09,500 [main] INFO  client.Client - [A, 17, 19]
2024-05-18 16:59:09,501 [main] INFO  client.Client - [Q, 56, 41]
2024-05-18 16:59:09,501 [main] INFO  client.Client - [D, 32, 65]
2024-05-18 16:59:09,501 [main] INFO  client.Client - [D, 25, 33]
2024-05-18 16:59:09,501 [main] INFO  client.Client - [A, 22, 33]
2024-05-18 16:59:09,501 [main] INFO  client.Client - [Q, 59, 24]
2024-05-18 16:59:09,501 [main] INFO  client.Client - [D, 60, 6]
2024-05-18 16:59:09,501 [main] INFO  client.Client - [A, 79, 99]
2024-05-18 16:59:09,501 [main] INFO  client.Client - [Q, 40, 46]
2024-05-18 16:59:09,502 [main] INFO  client.Client - [A, 79, 6]
2024-05-18 16:59:09,502 [main] INFO  client.Client - [Q, 85, 33]
2024-05-18 16:59:09,502 [main] INFO  client.Client - [A, 83, 85]
2024-05-18 16:59:09,502 [main] INFO  client.Client - [D, 94, 87]
2024-05-18 16:59:09,502 [main] INFO  client.Client - [A, 35, 26]
2024-05-18 16:59:09,502 [main] INFO  client.Client - [Q, 56, 69]
2024-05-18 16:59:09,502 [main] INFO  client.Client - [Q, 96, 32]
2024-05-18 16:59:09,502 [main] INFO  client.Client - [D, 19, 79]
2024-05-18 16:59:09,502 [main] INFO  client.Client - [D, 58, 83]
2024-05-18 16:59:09,502 [main] INFO  client.Client - [A, 7, 15]
2024-05-18 16:59:09,503 [main] INFO  client.Client - [D, 89, 67]
2024-05-18 16:59:09,503 [main] INFO  client.Client - [D, 95, 78]
2024-05-18 16:59:09,503 [main] INFO  client.Client - [D, 58, 58]
2024-05-18 16:59:09,503 [main] INFO  client.Client - [D, 76, 65]
2024-05-18 16:59:09,503 [main] INFO  client.Client - [A, 69, 15]
2024-05-18 16:59:09,503 [main] INFO  client.Client - [Q, 69, 47]
2024-05-18 16:59:09,504 [main] INFO  client.Client - [A, 74, 76]
2024-05-18 16:59:09,504 [main] INFO  client.Client - [Q, 71, 1]
2024-05-18 16:59:09,504 [main] INFO  client.Client - [D, 77, 4]
2024-05-18 16:59:09,504 [main] INFO  client.Client - [Q, 14, 0]
2024-05-18 16:59:09,504 [main] INFO  client.Client - [Q, 62, 49]
2024-05-18 16:59:09,504 [main] INFO  client.Client - [Q, 80, 61]
2024-05-18 16:59:09,504 [main] INFO  client.Client - [Q, 20, 84]
2024-05-18 16:59:09,504 [main] INFO  client.Client - [Q, 44, 64]
2024-05-18 16:59:09,505 [main] INFO  client.Client - [A, 34, 52]
2024-05-18 16:59:09,505 [main] INFO  client.Client - [Q, 34, 27]
2024-05-18 16:59:09,505 [main] INFO  client.Client - [A, 90, 5]
2024-05-18 16:59:09,505 [main] INFO  client.Client - [Q, 23, 88]
2024-05-18 16:59:09,505 [main] INFO  client.Client - [Q, 66, 91]
2024-05-18 16:59:09,505 [main] INFO  client.Client - [Q, 67, 17]
2024-05-18 16:59:09,983 [main] INFO  client.Client - Elapsed time: 478 milliseconds
2024-05-18 16:59:09,984 [main] INFO  client.Client - Received: [3, 3, 4, 4, 3, 3, 3, 4, 4, 1, 2, 4, 1, 3, 3, 3, 3, 3, 4, 2, 4, 3, 4, 4, 2, 3, 4, 2, 3, 4, 2, 3, 4, 3, 3, 3, 3, 4, 3, 1, 4, 3, 3]
2024-05-18 16:59:09,985 [main] INFO  client.Client - Sent:
2024-05-18 16:59:09,985 [main] INFO  client.Client - [Q, 73, 65]
2024-05-18 16:59:09,985 [main] INFO  client.Client - [A, 24, 33]
2024-05-18 16:59:09,985 [main] INFO  client.Client - [Q, 7, 99]
2024-05-18 16:59:09,985 [main] INFO  client.Client - [D, 18, 18]
2024-05-18 16:59:09,985 [main] INFO  client.Client - [Q, 36, 76]
2024-05-18 16:59:09,985 [main] INFO  client.Client - [D, 48, 62]
2024-05-18 16:59:09,985 [main] INFO  client.Client - [Q, 2, 92]
2024-05-18 16:59:09,985 [main] INFO  client.Client - [A, 67, 1]
2024-05-18 16:59:09,986 [main] INFO  client.Client - [Q, 68, 10]
2024-05-18 16:59:09,986 [main] INFO  client.Client - [D, 94, 99]
2024-05-18 16:59:09,986 [main] INFO  client.Client - [D, 83, 3]
2024-05-18 16:59:09,986 [main] INFO  client.Client - [D, 91, 26]
2024-05-18 16:59:09,986 [main] INFO  client.Client - [Q, 36, 88]
2024-05-18 16:59:09,986 [main] INFO  client.Client - [Q, 73, 87]
2024-05-18 16:59:09,986 [main] INFO  client.Client - [D, 31, 55]
2024-05-18 16:59:09,986 [main] INFO  client.Client - [D, 99, 31]
2024-05-18 16:59:09,986 [main] INFO  client.Client - [Q, 27, 65]
2024-05-18 16:59:09,986 [main] INFO  client.Client - [A, 73, 71]
2024-05-18 16:59:09,986 [main] INFO  client.Client - [Q, 97, 3]
2024-05-18 16:59:09,986 [main] INFO  client.Client - [A, 33, 65]
2024-05-18 16:59:09,986 [main] INFO  client.Client - [A, 52, 9]
2024-05-18 16:59:09,986 [main] INFO  client.Client - [Q, 50, 55]
2024-05-18 16:59:09,986 [main] INFO  client.Client - [A, 24, 32]
2024-05-18 16:59:09,986 [main] INFO  client.Client - [A, 91, 34]
2024-05-18 16:59:09,987 [main] INFO  client.Client - [Q, 40, 72]
2024-05-18 16:59:09,987 [main] INFO  client.Client - [D, 3, 7]
2024-05-18 16:59:09,987 [main] INFO  client.Client - [D, 54, 99]
2024-05-18 16:59:09,987 [main] INFO  client.Client - [Q, 88, 22]
2024-05-18 16:59:09,987 [main] INFO  client.Client - [Q, 51, 26]
2024-05-18 16:59:09,987 [main] INFO  client.Client - [A, 27, 71]
2024-05-18 16:59:09,987 [main] INFO  client.Client - [D, 59, 6]
2024-05-18 16:59:09,987 [main] INFO  client.Client - [A, 64, 45]
2024-05-18 16:59:09,987 [main] INFO  client.Client - [A, 21, 44]
2024-05-18 16:59:09,987 [main] INFO  client.Client - [D, 27, 22]
2024-05-18 16:59:09,987 [main] INFO  client.Client - [Q, 31, 80]
2024-05-18 16:59:09,987 [main] INFO  client.Client - [A, 12, 87]
2024-05-18 16:59:09,987 [main] INFO  client.Client - [D, 50, 55]
2024-05-18 16:59:09,987 [main] INFO  client.Client - [D, 4, 55]
2024-05-18 16:59:09,987 [main] INFO  client.Client - [D, 15, 60]
2024-05-18 16:59:09,987 [main] INFO  client.Client - [Q, 18, 72]
2024-05-18 16:59:09,987 [main] INFO  client.Client - [A, 95, 39]
2024-05-18 16:59:09,987 [main] INFO  client.Client - [D, 36, 43]
2024-05-18 16:59:09,987 [main] INFO  client.Client - [A, 33, 27]
2024-05-18 16:59:09,987 [main] INFO  client.Client - [Q, 87, 1]
2024-05-18 16:59:09,987 [main] INFO  client.Client - [Q, 45, 91]
2024-05-18 16:59:09,988 [main] INFO  client.Client - [D, 73, 32]
2024-05-18 16:59:09,988 [main] INFO  client.Client - [A, 29, 70]
2024-05-18 16:59:09,988 [main] INFO  client.Client - [D, 98, 32]
2024-05-18 16:59:09,988 [main] INFO  client.Client - [D, 17, 91]
2024-05-18 16:59:09,989 [main] INFO  client.Client - [Q, 68, 29]
2024-05-18 16:59:09,989 [main] INFO  client.Client - [Q, 53, 58]
2024-05-18 16:59:09,989 [main] INFO  client.Client - [D, 91, 76]
2024-05-18 16:59:09,989 [main] INFO  client.Client - [Q, 91, 47]
2024-05-18 16:59:09,989 [main] INFO  client.Client - [Q, 38, 32]
2024-05-18 16:59:09,989 [main] INFO  client.Client - [Q, 40, 66]
2024-05-18 16:59:09,989 [main] INFO  client.Client - [A, 80, 54]
2024-05-18 16:59:09,989 [main] INFO  client.Client - [Q, 34, 14]
2024-05-18 16:59:09,989 [main] INFO  client.Client - [Q, 94, 67]
2024-05-18 16:59:09,989 [main] INFO  client.Client - [Q, 27, 68]
2024-05-18 16:59:09,989 [main] INFO  client.Client - [Q, 11, 37]
2024-05-18 16:59:09,989 [main] INFO  client.Client - [A, 4, 94]
2024-05-18 16:59:09,990 [main] INFO  client.Client - [Q, 65, 38]
2024-05-18 16:59:09,990 [main] INFO  client.Client - [A, 48, 35]
2024-05-18 16:59:09,990 [main] INFO  client.Client - [Q, 37, 45]
2024-05-18 16:59:09,990 [main] INFO  client.Client - [D, 69, 38]
2024-05-18 16:59:09,990 [main] INFO  client.Client - [Q, 88, 37]
2024-05-18 16:59:09,990 [main] INFO  client.Client - [Q, 69, 6]
2024-05-18 16:59:09,990 [main] INFO  client.Client - [Q, 15, 63]
2024-05-18 16:59:09,990 [main] INFO  client.Client - [A, 57, 56]
2024-05-18 16:59:09,990 [main] INFO  client.Client - [Q, 83, 77]
2024-05-18 16:59:09,990 [main] INFO  client.Client - [Q, 61, 66]
2024-05-18 16:59:09,990 [main] INFO  client.Client - [D, 43, 9]
2024-05-18 16:59:09,990 [main] INFO  client.Client - [A, 46, 26]
2024-05-18 16:59:09,990 [main] INFO  client.Client - [Q, 81, 52]
2024-05-18 16:59:09,990 [main] INFO  client.Client - [Q, 20, 13]
2024-05-18 16:59:09,990 [main] INFO  client.Client - [A, 68, 38]
2024-05-18 16:59:09,990 [main] INFO  client.Client - [Q, 20, 23]
2024-05-18 16:59:09,990 [main] INFO  client.Client - [Q, 57, 63]
2024-05-18 16:59:09,990 [main] INFO  client.Client - [D, 92, 55]
2024-05-18 16:59:09,990 [main] INFO  client.Client - [Q, 87, 99]
2024-05-18 16:59:09,990 [main] INFO  client.Client - [A, 4, 29]
2024-05-18 16:59:09,990 [main] INFO  client.Client - [D, 37, 88]
2024-05-18 16:59:09,991 [main] INFO  client.Client - [Q, 9, 1]
2024-05-18 16:59:09,991 [main] INFO  client.Client - [Q, 33, 54]
2024-05-18 16:59:09,991 [main] INFO  client.Client - [Q, 6, 71]
2024-05-18 16:59:09,991 [main] INFO  client.Client - [D, 57, 37]
2024-05-18 16:59:09,991 [main] INFO  client.Client - [Q, 15, 15]
2024-05-18 16:59:09,991 [main] INFO  client.Client - [Q, 63, 55]
2024-05-18 16:59:09,991 [main] INFO  client.Client - [Q, 11, 95]
2024-05-18 16:59:09,991 [main] INFO  client.Client - [D, 80, 44]
2024-05-18 16:59:09,991 [main] INFO  client.Client - [A, 64, 95]
2024-05-18 16:59:09,991 [main] INFO  client.Client - [D, 20, 12]
2024-05-18 16:59:09,991 [main] INFO  client.Client - [D, 17, 29]
2024-05-18 16:59:09,991 [main] INFO  client.Client - [Q, 1, 85]
2024-05-18 16:59:09,992 [main] INFO  client.Client - [A, 79, 45]
2024-05-18 16:59:09,992 [main] INFO  client.Client - [D, 73, 23]
2024-05-18 16:59:09,992 [main] INFO  client.Client - [Q, 61, 0]
2024-05-18 16:59:09,992 [main] INFO  client.Client - [Q, 0, 58]
2024-05-18 16:59:09,992 [main] INFO  client.Client - [D, 64, 87]
2024-05-18 16:59:09,992 [main] INFO  client.Client - [D, 76, 87]
2024-05-18 16:59:10,037 [main] INFO  client.Client - Elapsed time: 45 milliseconds
2024-05-18 16:59:10,037 [main] INFO  client.Client - Received: [2, 1, 2, 2, 2, 2, 2, 2, 3, 3, 3, 2, 4, 2, 3, 3, 3, 3, 1, 3, 3, 2, 3, 2, 2, 3, 3, 2, 3, 3, 1, 2, 2, 1, 2, 3, 3, 3, 3, 3, 3, 0, 1, 2, 2, 2, 1]
2024-05-18 16:59:10,038 [main] INFO  client.Client - Sent:
2024-05-18 16:59:10,038 [main] INFO  client.Client - [Q, 78, 49]
2024-05-18 16:59:10,038 [main] INFO  client.Client - [Q, 97, 2]
2024-05-18 16:59:10,038 [main] INFO  client.Client - [A, 13, 3]
2024-05-18 16:59:10,038 [main] INFO  client.Client - [D, 74, 51]
2024-05-18 16:59:10,038 [main] INFO  client.Client - [Q, 89, 22]
2024-05-18 16:59:10,038 [main] INFO  client.Client - [Q, 47, 99]
2024-05-18 16:59:10,038 [main] INFO  client.Client - [Q, 91, 51]
2024-05-18 16:59:10,038 [main] INFO  client.Client - [Q, 84, 0]
2024-05-18 16:59:10,039 [main] INFO  client.Client - [Q, 67, 12]
2024-05-18 16:59:10,039 [main] INFO  client.Client - [D, 79, 60]
2024-05-18 16:59:10,039 [main] INFO  client.Client - [Q, 43, 73]
2024-05-18 16:59:10,039 [main] INFO  client.Client - [A, 43, 63]
2024-05-18 16:59:10,039 [main] INFO  client.Client - [Q, 61, 62]
2024-05-18 16:59:10,039 [main] INFO  client.Client - [Q, 51, 78]
2024-05-18 16:59:10,039 [main] INFO  client.Client - [D, 0, 23]
2024-05-18 16:59:10,039 [main] INFO  client.Client - [D, 44, 63]
2024-05-18 16:59:10,039 [main] INFO  client.Client - [D, 72, 82]
2024-05-18 16:59:10,040 [main] INFO  client.Client - [Q, 90, 96]
2024-05-18 16:59:10,040 [main] INFO  client.Client - [Q, 36, 26]
2024-05-18 16:59:10,040 [main] INFO  client.Client - [Q, 30, 9]
2024-05-18 16:59:10,040 [main] INFO  client.Client - [Q, 79, 42]
2024-05-18 16:59:10,040 [main] INFO  client.Client - [Q, 60, 15]
2024-05-18 16:59:10,040 [main] INFO  client.Client - [D, 45, 65]
2024-05-18 16:59:10,040 [main] INFO  client.Client - [Q, 77, 71]
2024-05-18 16:59:10,040 [main] INFO  client.Client - [Q, 10, 18]
2024-05-18 16:59:10,040 [main] INFO  client.Client - [D, 0, 13]
2024-05-18 16:59:10,040 [main] INFO  client.Client - [A, 2, 8]
2024-05-18 16:59:10,040 [main] INFO  client.Client - [Q, 88, 1]
2024-05-18 16:59:10,041 [main] INFO  client.Client - [Q, 96, 12]
2024-05-18 16:59:10,041 [main] INFO  client.Client - [A, 20, 63]
2024-05-18 16:59:10,041 [main] INFO  client.Client - [Q, 92, 13]
2024-05-18 16:59:10,041 [main] INFO  client.Client - [Q, 24, 18]
2024-05-18 16:59:10,041 [main] INFO  client.Client - [D, 24, 61]
2024-05-18 16:59:10,042 [main] INFO  client.Client - [Q, 71, 27]
2024-05-18 16:59:10,042 [main] INFO  client.Client - [D, 87, 31]
2024-05-18 16:59:10,042 [main] INFO  client.Client - [Q, 78, 41]
2024-05-18 16:59:10,042 [main] INFO  client.Client - [A, 28, 42]
2024-05-18 16:59:10,042 [main] INFO  client.Client - [D, 39, 26]
2024-05-18 16:59:10,042 [main] INFO  client.Client - [Q, 98, 22]
2024-05-18 16:59:10,042 [main] INFO  client.Client - [D, 33, 59]
2024-05-18 16:59:10,042 [main] INFO  client.Client - [A, 52, 24]
2024-05-18 16:59:10,042 [main] INFO  client.Client - [Q, 39, 6]
2024-05-18 16:59:10,042 [main] INFO  client.Client - [A, 74, 66]
2024-05-18 16:59:10,042 [main] INFO  client.Client - [Q, 94, 81]
2024-05-18 16:59:10,042 [main] INFO  client.Client - [Q, 27, 58]
2024-05-18 16:59:10,042 [main] INFO  client.Client - [Q, 35, 57]
2024-05-18 16:59:10,042 [main] INFO  client.Client - [A, 29, 90]
2024-05-18 16:59:10,042 [main] INFO  client.Client - [Q, 43, 51]
2024-05-18 16:59:10,042 [main] INFO  client.Client - [Q, 9, 82]
2024-05-18 16:59:10,042 [main] INFO  client.Client - [Q, 22, 73]
2024-05-18 16:59:10,042 [main] INFO  client.Client - [Q, 15, 11]
2024-05-18 16:59:10,042 [main] INFO  client.Client - [D, 97, 81]
2024-05-18 16:59:10,043 [main] INFO  client.Client - [Q, 14, 78]
2024-05-18 16:59:10,043 [main] INFO  client.Client - [A, 65, 30]
2024-05-18 16:59:10,043 [main] INFO  client.Client - [A, 9, 41]
2024-05-18 16:59:10,043 [main] INFO  client.Client - [Q, 99, 57]
2024-05-18 16:59:10,043 [main] INFO  client.Client - [Q, 12, 81]
2024-05-18 16:59:10,043 [main] INFO  client.Client - [Q, 76, 21]
2024-05-18 16:59:10,043 [main] INFO  client.Client - [Q, 90, 95]
2024-05-18 16:59:10,043 [main] INFO  client.Client - [Q, 63, 71]
2024-05-18 16:59:10,043 [main] INFO  client.Client - [A, 76, 55]
2024-05-18 16:59:10,043 [main] INFO  client.Client - [D, 91, 28]
2024-05-18 16:59:10,043 [main] INFO  client.Client - [Q, 56, 73]
2024-05-18 16:59:10,043 [main] INFO  client.Client - [Q, 9, 46]
2024-05-18 16:59:10,043 [main] INFO  client.Client - [D, 76, 0]
2024-05-18 16:59:10,044 [main] INFO  client.Client - [Q, 81, 60]
2024-05-18 16:59:10,044 [main] INFO  client.Client - [Q, 17, 58]
2024-05-18 16:59:10,044 [main] INFO  client.Client - [A, 13, 96]
2024-05-18 16:59:10,044 [main] INFO  client.Client - [A, 32, 27]
2024-05-18 16:59:10,044 [main] INFO  client.Client - [A, 27, 51]
2024-05-18 16:59:10,044 [main] INFO  client.Client - [Q, 49, 79]
2024-05-18 16:59:10,044 [main] INFO  client.Client - [Q, 63, 51]
2024-05-18 16:59:10,044 [main] INFO  client.Client - [A, 47, 65]
2024-05-18 16:59:10,044 [main] INFO  client.Client - [Q, 14, 96]
2024-05-18 16:59:10,044 [main] INFO  client.Client - [D, 36, 13]
2024-05-18 16:59:10,044 [main] INFO  client.Client - [D, 82, 56]
2024-05-18 16:59:10,044 [main] INFO  client.Client - [Q, 86, 12]
2024-05-18 16:59:10,044 [main] INFO  client.Client - [Q, 90, 87]
2024-05-18 16:59:10,044 [main] INFO  client.Client - [A, 32, 54]
2024-05-18 16:59:10,044 [main] INFO  client.Client - [Q, 46, 76]
2024-05-18 16:59:10,044 [main] INFO  client.Client - [Q, 64, 0]
2024-05-18 16:59:10,045 [main] INFO  client.Client - [Q, 51, 57]
2024-05-18 16:59:10,045 [main] INFO  client.Client - [Q, 5, 16]
2024-05-18 16:59:10,045 [main] INFO  client.Client - [D, 68, 98]
2024-05-18 16:59:10,045 [main] INFO  client.Client - [A, 66, 61]
2024-05-18 16:59:10,045 [main] INFO  client.Client - [A, 60, 20]
2024-05-18 16:59:10,045 [main] INFO  client.Client - [Q, 64, 71]
2024-05-18 16:59:10,045 [main] INFO  client.Client - [A, 1, 61]
2024-05-18 16:59:10,045 [main] INFO  client.Client - [Q, 39, 95]
2024-05-18 16:59:10,045 [main] INFO  client.Client - [A, 2, 92]
2024-05-18 16:59:10,045 [main] INFO  client.Client - [A, 13, 61]
2024-05-18 16:59:10,045 [main] INFO  client.Client - [Q, 41, 43]
2024-05-18 16:59:10,045 [main] INFO  client.Client - [D, 71, 35]
2024-05-18 16:59:10,045 [main] INFO  client.Client - [Q, 85, 75]
2024-05-18 16:59:10,045 [main] INFO  client.Client - [Q, 89, 67]
2024-05-18 16:59:10,045 [main] INFO  client.Client - [D, 40, 37]
2024-05-18 16:59:10,046 [main] INFO  client.Client - [Q, 37, 55]
2024-05-18 16:59:10,046 [main] INFO  client.Client - [Q, 5, 76]
2024-05-18 16:59:10,046 [main] INFO  client.Client - [D, 78, 50]
2024-05-18 16:59:10,046 [main] INFO  client.Client - [D, 84, 81]
2024-05-18 16:59:10,257 [main] INFO  client.Client - Elapsed time: 211 milliseconds
2024-05-18 16:59:10,257 [main] INFO  client.Client - Received: [3, 2, 1, 2, 3, 3, 2, 2, 1, 3, 2, 2, 2, 2, 3, 2, 1, 3, 2, 3, 3, 2, 3, 3, 2, 2, 2, 3, 2, 2, 2, 2, 2, 3, 2, 3, 3, 2, 2, 2, 3, 3, 2, 3, 3, 2, 3, 3, 3, 3, 3, 2, 3, 2, 2, 3, 3, 3]
2024-05-18 16:59:10,460 [main] INFO  client.Client - Sent:
2024-05-18 16:59:10,460 [main] INFO  client.Client - [D, 2, 81]
2024-05-18 16:59:10,460 [main] INFO  client.Client - [Q, 82, 19]
2024-05-18 16:59:10,460 [main] INFO  client.Client - [Q, 23, 76]
2024-05-18 16:59:10,460 [main] INFO  client.Client - [A, 39, 25]
2024-05-18 16:59:10,460 [main] INFO  client.Client - [Q, 19, 2]
2024-05-18 16:59:10,460 [main] INFO  client.Client - [Q, 0, 47]
2024-05-18 16:59:10,460 [main] INFO  client.Client - [Q, 0, 30]
2024-05-18 16:59:10,460 [main] INFO  client.Client - [D, 99, 13]
2024-05-18 16:59:10,460 [main] INFO  client.Client - [A, 47, 79]
2024-05-18 16:59:10,460 [main] INFO  client.Client - [D, 17, 49]
2024-05-18 16:59:10,460 [main] INFO  client.Client - [Q, 56, 31]
2024-05-18 16:59:10,460 [main] INFO  client.Client - [Q, 67, 46]
2024-05-18 16:59:10,460 [main] INFO  client.Client - [Q, 90, 51]
2024-05-18 16:59:10,460 [main] INFO  client.Client - [Q, 38, 12]
2024-05-18 16:59:10,460 [main] INFO  client.Client - [Q, 70, 43]
2024-05-18 16:59:10,461 [main] INFO  client.Client - [Q, 72, 94]
2024-05-18 16:59:10,461 [main] INFO  client.Client - [D, 92, 36]
2024-05-18 16:59:10,461 [main] INFO  client.Client - [D, 84, 41]
2024-05-18 16:59:10,461 [main] INFO  client.Client - [Q, 15, 5]
2024-05-18 16:59:10,461 [main] INFO  client.Client - [Q, 70, 98]
2024-05-18 16:59:10,461 [main] INFO  client.Client - [D, 95, 51]
2024-05-18 16:59:10,461 [main] INFO  client.Client - [Q, 59, 34]
2024-05-18 16:59:10,461 [main] INFO  client.Client - [Q, 4, 47]
2024-05-18 16:59:10,461 [main] INFO  client.Client - [D, 7, 65]
2024-05-18 16:59:10,461 [main] INFO  client.Client - [D, 49, 23]
2024-05-18 16:59:10,461 [main] INFO  client.Client - [Q, 15, 43]
2024-05-18 16:59:10,461 [main] INFO  client.Client - [A, 70, 47]
2024-05-18 16:59:10,461 [main] INFO  client.Client - [Q, 94, 15]
2024-05-18 16:59:10,461 [main] INFO  client.Client - [A, 64, 97]
2024-05-18 16:59:10,461 [main] INFO  client.Client - [D, 5, 90]
2024-05-18 16:59:10,461 [main] INFO  client.Client - [D, 39, 96]
2024-05-18 16:59:10,461 [main] INFO  client.Client - [Q, 45, 65]
2024-05-18 16:59:10,461 [main] INFO  client.Client - [D, 56, 20]
2024-05-18 16:59:10,461 [main] INFO  client.Client - [D, 9, 63]
2024-05-18 16:59:10,461 [main] INFO  client.Client - [Q, 42, 40]
2024-05-18 16:59:10,461 [main] INFO  client.Client - [D, 50, 16]
2024-05-18 16:59:10,461 [main] INFO  client.Client - [Q, 16, 47]
2024-05-18 16:59:10,462 [main] INFO  client.Client - [A, 32, 23]
2024-05-18 16:59:10,462 [main] INFO  client.Client - [Q, 79, 79]
2024-05-18 16:59:10,462 [main] INFO  client.Client - [D, 51, 64]
2024-05-18 16:59:10,462 [main] INFO  client.Client - [A, 20, 3]
2024-05-18 16:59:10,462 [main] INFO  client.Client - [D, 40, 76]
2024-05-18 16:59:10,462 [main] INFO  client.Client - [D, 24, 83]
2024-05-18 16:59:10,462 [main] INFO  client.Client - [Q, 88, 85]
2024-05-18 16:59:10,462 [main] INFO  client.Client - [Q, 13, 23]
2024-05-18 16:59:10,462 [main] INFO  client.Client - [Q, 88, 26]
2024-05-18 16:59:10,462 [main] INFO  client.Client - [A, 89, 95]
2024-05-18 16:59:10,462 [main] INFO  client.Client - [Q, 73, 21]
2024-05-18 16:59:10,462 [main] INFO  client.Client - [A, 34, 26]
2024-05-18 16:59:10,462 [main] INFO  client.Client - [Q, 32, 6]
2024-05-18 16:59:10,462 [main] INFO  client.Client - [Q, 89, 70]
2024-05-18 16:59:10,462 [main] INFO  client.Client - [Q, 48, 16]
2024-05-18 16:59:10,462 [main] INFO  client.Client - [Q, 69, 69]
2024-05-18 16:59:10,462 [main] INFO  client.Client - [A, 16, 67]
2024-05-18 16:59:10,462 [main] INFO  client.Client - [Q, 21, 22]
2024-05-18 16:59:10,462 [main] INFO  client.Client - [D, 30, 55]
2024-05-18 16:59:10,462 [main] INFO  client.Client - [A, 63, 71]
2024-05-18 16:59:10,462 [main] INFO  client.Client - [D, 30, 66]
2024-05-18 16:59:10,462 [main] INFO  client.Client - [D, 38, 45]
2024-05-18 16:59:10,462 [main] INFO  client.Client - [D, 82, 71]
2024-05-18 16:59:10,463 [main] INFO  client.Client - [A, 24, 66]
2024-05-18 16:59:10,463 [main] INFO  client.Client - [A, 92, 75]
2024-05-18 16:59:10,463 [main] INFO  client.Client - [Q, 48, 15]
2024-05-18 16:59:10,463 [main] INFO  client.Client - [Q, 35, 91]
2024-05-18 16:59:10,463 [main] INFO  client.Client - [D, 36, 30]
2024-05-18 16:59:10,463 [main] INFO  client.Client - [A, 74, 46]
2024-05-18 16:59:10,463 [main] INFO  client.Client - [Q, 10, 20]
2024-05-18 16:59:10,463 [main] INFO  client.Client - [A, 3, 71]
2024-05-18 16:59:10,463 [main] INFO  client.Client - [D, 15, 98]
2024-05-18 16:59:10,463 [main] INFO  client.Client - [Q, 75, 37]
2024-05-18 16:59:10,463 [main] INFO  client.Client - [Q, 91, 64]
2024-05-18 16:59:10,463 [main] INFO  client.Client - [Q, 86, 7]
2024-05-18 16:59:10,463 [main] INFO  client.Client - [A, 88, 98]
2024-05-18 16:59:10,463 [main] INFO  client.Client - [Q, 90, 5]
2024-05-18 16:59:10,463 [main] INFO  client.Client - [Q, 94, 27]
2024-05-18 16:59:10,463 [main] INFO  client.Client - [A, 67, 86]
2024-05-18 16:59:10,463 [main] INFO  client.Client - [Q, 61, 37]
2024-05-18 16:59:10,463 [main] INFO  client.Client - [Q, 93, 72]
2024-05-18 16:59:10,463 [main] INFO  client.Client - [A, 63, 1]
2024-05-18 16:59:10,463 [main] INFO  client.Client - [Q, 4, 58]
2024-05-18 16:59:10,463 [main] INFO  client.Client - [Q, 75, 69]
2024-05-18 16:59:10,463 [main] INFO  client.Client - [Q, 24, 67]
2024-05-18 16:59:10,463 [main] INFO  client.Client - [D, 32, 7]
2024-05-18 16:59:10,463 [main] INFO  client.Client - [A, 93, 71]
2024-05-18 16:59:10,464 [main] INFO  client.Client - [Q, 68, 83]
2024-05-18 16:59:10,464 [main] INFO  client.Client - [D, 64, 26]
2024-05-18 16:59:10,464 [main] INFO  client.Client - [Q, 17, 79]
2024-05-18 16:59:10,464 [main] INFO  client.Client - [D, 65, 83]
2024-05-18 16:59:10,464 [main] INFO  client.Client - [D, 7, 15]
2024-05-18 16:59:10,464 [main] INFO  client.Client - [Q, 32, 64]
2024-05-18 16:59:10,464 [main] INFO  client.Client - [A, 32, 6]
2024-05-18 16:59:10,464 [main] INFO  client.Client - [Q, 42, 38]
2024-05-18 16:59:10,464 [main] INFO  client.Client - [D, 22, 9]
2024-05-18 16:59:10,464 [main] INFO  client.Client - [Q, 38, 20]
2024-05-18 16:59:10,464 [main] INFO  client.Client - [D, 93, 96]
2024-05-18 16:59:10,464 [main] INFO  client.Client - [A, 99, 39]
2024-05-18 16:59:10,464 [main] INFO  client.Client - [Q, 55, 45]
2024-05-18 16:59:10,464 [main] INFO  client.Client - [D, 42, 39]
2024-05-18 16:59:10,464 [main] INFO  client.Client - [D, 86, 18]
2024-05-18 16:59:10,464 [main] INFO  client.Client - [D, 97, 85]
2024-05-18 16:59:10,646 [main] INFO  client.Client - Elapsed time: 182 milliseconds
2024-05-18 16:59:10,647 [main] INFO  client.Client - Received: [2, 2, 1, 2, 3, 2, 2, 3, 3, 2, 2, 2, 3, 3, 3, 2, 3, 2, 3, 2, 0, 2, 2, 2, 2, 2, 2, 3, 0, 1, 2, 2, 2, 2, 3, 3, 1, 1, 2, 3, 3, 2, 2, 2, 2, 2, 2, 2, 2]
2024-05-18 16:59:10,989 [main] INFO  client.Client - Sent:
2024-05-18 16:59:10,989 [main] INFO  client.Client - [D, 72, 24]
2024-05-18 16:59:10,989 [main] INFO  client.Client - [Q, 38, 2]
2024-05-18 16:59:10,989 [main] INFO  client.Client - [A, 44, 83]
2024-05-18 16:59:10,989 [main] INFO  client.Client - [A, 38, 87]
2024-05-18 16:59:10,989 [main] INFO  client.Client - [A, 14, 13]
2024-05-18 16:59:10,989 [main] INFO  client.Client - [Q, 24, 13]
2024-05-18 16:59:10,989 [main] INFO  client.Client - [D, 63, 97]
2024-05-18 16:59:10,989 [main] INFO  client.Client - [Q, 21, 66]
2024-05-18 16:59:10,989 [main] INFO  client.Client - [D, 59, 65]
2024-05-18 16:59:10,989 [main] INFO  client.Client - [Q, 73, 79]
2024-05-18 16:59:10,989 [main] INFO  client.Client - [A, 57, 40]
2024-05-18 16:59:10,989 [main] INFO  client.Client - [Q, 89, 49]
2024-05-18 16:59:10,989 [main] INFO  client.Client - [A, 27, 76]
2024-05-18 16:59:10,989 [main] INFO  client.Client - [Q, 27, 8]
2024-05-18 16:59:10,989 [main] INFO  client.Client - [D, 29, 98]
2024-05-18 16:59:10,989 [main] INFO  client.Client - [A, 3, 90]
2024-05-18 16:59:10,989 [main] INFO  client.Client - [A, 62, 5]
2024-05-18 16:59:10,989 [main] INFO  client.Client - [Q, 68, 9]
2024-05-18 16:59:10,990 [main] INFO  client.Client - [Q, 62, 63]
2024-05-18 16:59:10,990 [main] INFO  client.Client - [D, 68, 30]
2024-05-18 16:59:10,990 [main] INFO  client.Client - [Q, 9, 23]
2024-05-18 16:59:10,990 [main] INFO  client.Client - [Q, 97, 40]
2024-05-18 16:59:10,990 [main] INFO  client.Client - [Q, 35, 60]
2024-05-18 16:59:10,990 [main] INFO  client.Client - [D, 62, 39]
2024-05-18 16:59:10,990 [main] INFO  client.Client - [Q, 1, 34]
2024-05-18 16:59:10,990 [main] INFO  client.Client - [Q, 52, 71]
2024-05-18 16:59:10,990 [main] INFO  client.Client - [Q, 72, 91]
2024-05-18 16:59:10,990 [main] INFO  client.Client - [Q, 97, 82]
2024-05-18 16:59:10,990 [main] INFO  client.Client - [A, 51, 77]
2024-05-18 16:59:10,990 [main] INFO  client.Client - [Q, 68, 29]
2024-05-18 16:59:10,990 [main] INFO  client.Client - [Q, 74, 15]
2024-05-18 16:59:10,990 [main] INFO  client.Client - [A, 35, 12]
2024-05-18 16:59:10,990 [main] INFO  client.Client - [Q, 90, 59]
2024-05-18 16:59:10,990 [main] INFO  client.Client - [A, 78, 27]
2024-05-18 16:59:10,990 [main] INFO  client.Client - [D, 80, 50]
2024-05-18 16:59:10,990 [main] INFO  client.Client - [A, 26, 30]
2024-05-18 16:59:10,990 [main] INFO  client.Client - [Q, 64, 15]
2024-05-18 16:59:10,990 [main] INFO  client.Client - [Q, 37, 47]
2024-05-18 16:59:10,990 [main] INFO  client.Client - [Q, 29, 46]
2024-05-18 16:59:10,990 [main] INFO  client.Client - [D, 75, 10]
2024-05-18 16:59:10,990 [main] INFO  client.Client - [Q, 59, 20]
2024-05-18 16:59:10,990 [main] INFO  client.Client - [D, 1, 63]
2024-05-18 16:59:10,990 [main] INFO  client.Client - [Q, 60, 80]
2024-05-18 16:59:10,990 [main] INFO  client.Client - [Q, 13, 42]
2024-05-18 16:59:10,991 [main] INFO  client.Client - [D, 60, 57]
2024-05-18 16:59:10,991 [main] INFO  client.Client - [D, 36, 63]
2024-05-18 16:59:10,991 [main] INFO  client.Client - [Q, 56, 7]
2024-05-18 16:59:10,991 [main] INFO  client.Client - [D, 62, 99]
2024-05-18 16:59:10,991 [main] INFO  client.Client - [A, 3, 32]
2024-05-18 16:59:10,991 [main] INFO  client.Client - [D, 51, 19]
2024-05-18 16:59:10,991 [main] INFO  client.Client - [A, 5, 27]
2024-05-18 16:59:10,991 [main] INFO  client.Client - [Q, 10, 95]
2024-05-18 16:59:10,991 [main] INFO  client.Client - [Q, 50, 54]
2024-05-18 16:59:10,991 [main] INFO  client.Client - [Q, 5, 49]
2024-05-18 16:59:10,991 [main] INFO  client.Client - [A, 57, 55]
2024-05-18 16:59:10,991 [main] INFO  client.Client - [A, 65, 40]
2024-05-18 16:59:10,991 [main] INFO  client.Client - [D, 52, 36]
2024-05-18 16:59:10,991 [main] INFO  client.Client - [Q, 43, 78]
2024-05-18 16:59:10,991 [main] INFO  client.Client - [A, 78, 51]
2024-05-18 16:59:10,991 [main] INFO  client.Client - [D, 17, 60]
2024-05-18 16:59:10,991 [main] INFO  client.Client - [D, 75, 3]
2024-05-18 16:59:10,991 [main] INFO  client.Client - [Q, 97, 89]
2024-05-18 16:59:10,991 [main] INFO  client.Client - [A, 52, 62]
2024-05-18 16:59:10,991 [main] INFO  client.Client - [D, 92, 93]
2024-05-18 16:59:10,991 [main] INFO  client.Client - [D, 17, 31]
2024-05-18 16:59:10,991 [main] INFO  client.Client - [Q, 53, 31]
2024-05-18 16:59:10,991 [main] INFO  client.Client - [Q, 98, 91]
2024-05-18 16:59:10,991 [main] INFO  client.Client - [A, 2, 43]
2024-05-18 16:59:10,991 [main] INFO  client.Client - [Q, 89, 5]
2024-05-18 16:59:10,991 [main] INFO  client.Client - [D, 6, 62]
2024-05-18 16:59:10,991 [main] INFO  client.Client - [Q, 51, 76]
2024-05-18 16:59:10,991 [main] INFO  client.Client - [D, 43, 33]
2024-05-18 16:59:10,991 [main] INFO  client.Client - [Q, 85, 79]
2024-05-18 16:59:10,992 [main] INFO  client.Client - [A, 61, 26]
2024-05-18 16:59:10,992 [main] INFO  client.Client - [Q, 95, 53]
2024-05-18 16:59:10,992 [main] INFO  client.Client - [Q, 70, 54]
2024-05-18 16:59:10,992 [main] INFO  client.Client - [Q, 59, 52]
2024-05-18 16:59:10,992 [main] INFO  client.Client - [D, 7, 63]
2024-05-18 16:59:10,992 [main] INFO  client.Client - [Q, 66, 70]
2024-05-18 16:59:10,992 [main] INFO  client.Client - [Q, 26, 59]
2024-05-18 16:59:10,992 [main] INFO  client.Client - [Q, 57, 12]
2024-05-18 16:59:10,992 [main] INFO  client.Client - [D, 9, 28]
2024-05-18 16:59:10,992 [main] INFO  client.Client - [Q, 14, 15]
2024-05-18 16:59:10,992 [main] INFO  client.Client - [Q, 17, 42]
2024-05-18 16:59:10,992 [main] INFO  client.Client - [D, 40, 97]
2024-05-18 16:59:10,992 [main] INFO  client.Client - [Q, 13, 73]
2024-05-18 16:59:10,992 [main] INFO  client.Client - [Q, 50, 57]
2024-05-18 16:59:10,992 [main] INFO  client.Client - [D, 68, 7]
2024-05-18 16:59:10,992 [main] INFO  client.Client - [Q, 13, 93]
2024-05-18 16:59:10,992 [main] INFO  client.Client - [D, 5, 66]
2024-05-18 16:59:10,992 [main] INFO  client.Client - [Q, 41, 16]
2024-05-18 16:59:10,992 [main] INFO  client.Client - [Q, 9, 53]
2024-05-18 16:59:10,992 [main] INFO  client.Client - [A, 68, 8]
2024-05-18 16:59:10,992 [main] INFO  client.Client - [D, 37, 23]
2024-05-18 16:59:10,992 [main] INFO  client.Client - [D, 15, 88]
2024-05-18 16:59:10,992 [main] INFO  client.Client - [Q, 38, 39]
2024-05-18 16:59:10,992 [main] INFO  client.Client - [Q, 96, 98]
2024-05-18 16:59:10,992 [main] INFO  client.Client - [D, 0, 48]
2024-05-18 16:59:10,992 [main] INFO  client.Client - [A, 53, 53]
2024-05-18 16:59:10,992 [main] INFO  client.Client - [Q, 68, 20]
2024-05-18 16:59:11,260 [main] INFO  client.Client - Elapsed time: 268 milliseconds
2024-05-18 16:59:11,260 [main] INFO  client.Client - Received: [3, 2, 2, 2, 2, 2, 1, 2, 2, 1, 2, 2, 2, 1, 2, 2, 2, 1, 2, 2, 1, 2, 2, 1, 2, 2, 2, 1, 2, 2, 2, 2, 2, 1, 2, 2, 2, 2, 2, 1, 2, 1, 2, 2, 2, 1, 2, 2, 1, 1, 2]
2024-05-18 16:59:11,261 [main] INFO  client.Client - Sent:
2024-05-18 16:59:11,261 [main] INFO  client.Client - [Q, 92, 14]
2024-05-18 16:59:11,262 [main] INFO  client.Client - [D, 26, 78]
2024-05-18 16:59:11,262 [main] INFO  client.Client - [A, 5, 1]
2024-05-18 16:59:11,262 [main] INFO  client.Client - [A, 51, 54]
2024-05-18 16:59:11,262 [main] INFO  client.Client - [D, 64, 62]
2024-05-18 16:59:11,262 [main] INFO  client.Client - [Q, 0, 63]
2024-05-18 16:59:11,262 [main] INFO  client.Client - [Q, 98, 22]
2024-05-18 16:59:11,262 [main] INFO  client.Client - [D, 59, 90]
2024-05-18 16:59:11,262 [main] INFO  client.Client - [D, 55, 49]
2024-05-18 16:59:11,262 [main] INFO  client.Client - [A, 31, 89]
2024-05-18 16:59:11,262 [main] INFO  client.Client - [A, 37, 10]
2024-05-18 16:59:11,262 [main] INFO  client.Client - [Q, 28, 44]
2024-05-18 16:59:11,262 [main] INFO  client.Client - [A, 11, 50]
2024-05-18 16:59:11,262 [main] INFO  client.Client - [Q, 75, 9]
2024-05-18 16:59:11,262 [main] INFO  client.Client - [D, 85, 90]
2024-05-18 16:59:11,262 [main] INFO  client.Client - [D, 16, 42]
2024-05-18 16:59:11,262 [main] INFO  client.Client - [A, 8, 13]
2024-05-18 16:59:11,262 [main] INFO  client.Client - [Q, 27, 65]
2024-05-18 16:59:11,262 [main] INFO  client.Client - [Q, 50, 0]
2024-05-18 16:59:11,262 [main] INFO  client.Client - [D, 86, 4]
2024-05-18 16:59:11,263 [main] INFO  client.Client - [A, 93, 65]
2024-05-18 16:59:11,263 [main] INFO  client.Client - [A, 21, 22]
2024-05-18 16:59:11,263 [main] INFO  client.Client - [Q, 73, 49]
2024-05-18 16:59:11,263 [main] INFO  client.Client - [D, 10, 25]
2024-05-18 16:59:11,263 [main] INFO  client.Client - [Q, 47, 75]
2024-05-18 16:59:11,263 [main] INFO  client.Client - [Q, 73, 81]
2024-05-18 16:59:11,263 [main] INFO  client.Client - [Q, 64, 19]
2024-05-18 16:59:11,263 [main] INFO  client.Client - [A, 38, 65]
2024-05-18 16:59:11,263 [main] INFO  client.Client - [A, 72, 62]
2024-05-18 16:59:11,263 [main] INFO  client.Client - [D, 97, 13]
2024-05-18 16:59:11,263 [main] INFO  client.Client - [Q, 15, 28]
2024-05-18 16:59:11,263 [main] INFO  client.Client - [Q, 22, 34]
2024-05-18 16:59:11,263 [main] INFO  client.Client - [Q, 16, 10]
2024-05-18 16:59:11,263 [main] INFO  client.Client - [A, 46, 90]
2024-05-18 16:59:11,263 [main] INFO  client.Client - [Q, 66, 48]
2024-05-18 16:59:11,263 [main] INFO  client.Client - [A, 63, 84]
2024-05-18 16:59:11,263 [main] INFO  client.Client - [D, 9, 54]
2024-05-18 16:59:11,263 [main] INFO  client.Client - [D, 19, 52]
2024-05-18 16:59:11,263 [main] INFO  client.Client - [Q, 55, 16]
2024-05-18 16:59:11,263 [main] INFO  client.Client - [A, 28, 61]
2024-05-18 16:59:11,263 [main] INFO  client.Client - [A, 45, 46]
2024-05-18 16:59:11,263 [main] INFO  client.Client - [A, 39, 79]
2024-05-18 16:59:11,263 [main] INFO  client.Client - [Q, 36, 34]
2024-05-18 16:59:11,263 [main] INFO  client.Client - [Q, 92, 14]
2024-05-18 16:59:11,263 [main] INFO  client.Client - [A, 83, 37]
2024-05-18 16:59:11,263 [main] INFO  client.Client - [Q, 8, 19]
2024-05-18 16:59:11,263 [main] INFO  client.Client - [Q, 14, 11]
2024-05-18 16:59:11,264 [main] INFO  client.Client - [Q, 98, 24]
2024-05-18 16:59:11,264 [main] INFO  client.Client - [D, 14, 73]
2024-05-18 16:59:11,264 [main] INFO  client.Client - [Q, 25, 31]
2024-05-18 16:59:11,264 [main] INFO  client.Client - [Q, 50, 85]
2024-05-18 16:59:11,264 [main] INFO  client.Client - [D, 70, 81]
2024-05-18 16:59:11,264 [main] INFO  client.Client - [A, 14, 99]
2024-05-18 16:59:11,264 [main] INFO  client.Client - [Q, 79, 70]
2024-05-18 16:59:11,264 [main] INFO  client.Client - [D, 85, 63]
2024-05-18 16:59:11,264 [main] INFO  client.Client - [Q, 88, 90]
2024-05-18 16:59:11,264 [main] INFO  client.Client - [A, 19, 58]
2024-05-18 16:59:11,264 [main] INFO  client.Client - [Q, 37, 39]
2024-05-18 16:59:11,264 [main] INFO  client.Client - [Q, 35, 14]
2024-05-18 16:59:11,264 [main] INFO  client.Client - [D, 7, 13]
2024-05-18 16:59:11,264 [main] INFO  client.Client - [Q, 38, 92]
2024-05-18 16:59:11,264 [main] INFO  client.Client - [Q, 10, 35]
2024-05-18 16:59:11,264 [main] INFO  client.Client - [Q, 94, 58]
2024-05-18 16:59:11,264 [main] INFO  client.Client - [A, 67, 14]
2024-05-18 16:59:11,264 [main] INFO  client.Client - [D, 10, 32]
2024-05-18 16:59:11,264 [main] INFO  client.Client - [Q, 55, 4]
2024-05-18 16:59:11,264 [main] INFO  client.Client - [A, 36, 15]
2024-05-18 16:59:11,264 [main] INFO  client.Client - [Q, 79, 54]
2024-05-18 16:59:11,264 [main] INFO  client.Client - [A, 55, 95]
2024-05-18 16:59:11,264 [main] INFO  client.Client - [Q, 2, 42]
2024-05-18 16:59:11,264 [main] INFO  client.Client - [Q, 81, 91]
2024-05-18 16:59:11,264 [main] INFO  client.Client - [Q, 11, 51]
2024-05-18 16:59:11,264 [main] INFO  client.Client - [A, 13, 43]
2024-05-18 16:59:11,264 [main] INFO  client.Client - [Q, 87, 14]
2024-05-18 16:59:11,264 [main] INFO  client.Client - [A, 61, 86]
2024-05-18 16:59:11,264 [main] INFO  client.Client - [Q, 25, 19]
2024-05-18 16:59:11,264 [main] INFO  client.Client - [A, 76, 81]
2024-05-18 16:59:11,264 [main] INFO  client.Client - [Q, 72, 34]
2024-05-18 16:59:11,264 [main] INFO  client.Client - [Q, 18, 9]
2024-05-18 16:59:11,264 [main] INFO  client.Client - [D, 74, 7]
2024-05-18 16:59:11,264 [main] INFO  client.Client - [Q, 99, 42]
2024-05-18 16:59:11,264 [main] INFO  client.Client - [D, 49, 86]
2024-05-18 16:59:11,264 [main] INFO  client.Client - [Q, 71, 79]
2024-05-18 16:59:11,264 [main] INFO  client.Client - [Q, 59, 5]
2024-05-18 16:59:11,264 [main] INFO  client.Client - [D, 55, 34]
2024-05-18 16:59:11,264 [main] INFO  client.Client - [D, 97, 35]
2024-05-18 16:59:11,264 [main] INFO  client.Client - [A, 13, 27]
2024-05-18 16:59:11,264 [main] INFO  client.Client - [D, 61, 60]
2024-05-18 16:59:11,264 [main] INFO  client.Client - [A, 48, 69]
2024-05-18 16:59:11,264 [main] INFO  client.Client - [Q, 86, 20]
2024-05-18 16:59:11,264 [main] INFO  client.Client - [Q, 1, 36]
2024-05-18 16:59:11,264 [main] INFO  client.Client - [A, 67, 52]
2024-05-18 16:59:11,264 [main] INFO  client.Client - [A, 44, 84]
2024-05-18 16:59:11,264 [main] INFO  client.Client - [Q, 50, 26]
2024-05-18 16:59:11,264 [main] INFO  client.Client - [Q, 94, 64]
2024-05-18 16:59:11,264 [main] INFO  client.Client - [Q, 51, 35]
2024-05-18 16:59:11,264 [main] INFO  client.Client - [Q, 37, 98]
2024-05-18 16:59:11,264 [main] INFO  client.Client - [A, 79, 27]
2024-05-18 16:59:11,264 [main] INFO  client.Client - [D, 18, 13]
2024-05-18 16:59:11,265 [main] INFO  client.Client - [D, 78, 63]
2024-05-18 16:59:11,612 [main] INFO  client.Client - Elapsed time: 347 milliseconds
2024-05-18 16:59:11,612 [main] INFO  client.Client - Received: [1, 2, 2, 2, 2, 1, 2, 2, 2, 2, 2, 2, 2, 2, 2, 2, 2, 1, 2, 2, 2, 2, 2, 2, 1, 2, 2, 1, 2, 1, 2, 1, 2, 1, 2, 2, 2, 2, 2, 2, 2, 2, 2, 1, 2, 2, 2, 2]
2024-05-18 16:59:11,613 [main] INFO  client.Client - Sent:
2024-05-18 16:59:11,613 [main] INFO  client.Client - [Q, 45, 67]
2024-05-18 16:59:11,614 [main] INFO  client.Client - [D, 9, 79]
2024-05-18 16:59:11,614 [main] INFO  client.Client - [Q, 63, 82]
2024-05-18 16:59:11,614 [main] INFO  client.Client - [Q, 5, 81]
2024-05-18 16:59:11,614 [main] INFO  client.Client - [D, 94, 92]
2024-05-18 16:59:11,614 [main] INFO  client.Client - [Q, 42, 78]
2024-05-18 16:59:11,614 [main] INFO  client.Client - [Q, 37, 94]
2024-05-18 16:59:11,614 [main] INFO  client.Client - [Q, 95, 82]
2024-05-18 16:59:11,614 [main] INFO  client.Client - [Q, 71, 18]
2024-05-18 16:59:11,614 [main] INFO  client.Client - [Q, 0, 49]
2024-05-18 16:59:11,614 [main] INFO  client.Client - [A, 27, 55]
2024-05-18 16:59:11,614 [main] INFO  client.Client - [Q, 92, 46]
2024-05-18 16:59:11,614 [main] INFO  client.Client - [Q, 18, 28]
2024-05-18 16:59:11,615 [main] INFO  client.Client - [Q, 87, 16]
2024-05-18 16:59:11,615 [main] INFO  client.Client - [D, 79, 62]
2024-05-18 16:59:11,615 [main] INFO  client.Client - [Q, 34, 29]
2024-05-18 16:59:11,615 [main] INFO  client.Client - [Q, 22, 62]
2024-05-18 16:59:11,615 [main] INFO  client.Client - [D, 54, 91]
2024-05-18 16:59:11,615 [main] INFO  client.Client - [Q, 47, 24]
2024-05-18 16:59:11,615 [main] INFO  client.Client - [A, 72, 98]
2024-05-18 16:59:11,615 [main] INFO  client.Client - [A, 4, 85]
2024-05-18 16:59:11,615 [main] INFO  client.Client - [Q, 81, 76]
2024-05-18 16:59:11,615 [main] INFO  client.Client - [Q, 77, 8]
2024-05-18 16:59:11,615 [main] INFO  client.Client - [Q, 3, 45]
2024-05-18 16:59:11,615 [main] INFO  client.Client - [Q, 32, 38]
2024-05-18 16:59:11,615 [main] INFO  client.Client - [A, 1, 82]
2024-05-18 16:59:11,615 [main] INFO  client.Client - [D, 68, 95]
2024-05-18 16:59:11,615 [main] INFO  client.Client - [D, 10, 29]
2024-05-18 16:59:11,615 [main] INFO  client.Client - [A, 59, 58]
2024-05-18 16:59:11,615 [main] INFO  client.Client - [Q, 28, 1]
2024-05-18 16:59:11,615 [main] INFO  client.Client - [Q, 26, 4]
2024-05-18 16:59:11,615 [main] INFO  client.Client - [D, 46, 13]
2024-05-18 16:59:11,616 [main] INFO  client.Client - [Q, 14, 49]
2024-05-18 16:59:11,616 [main] INFO  client.Client - [Q, 40, 59]
2024-05-18 16:59:11,616 [main] INFO  client.Client - [A, 40, 57]
2024-05-18 16:59:11,616 [main] INFO  client.Client - [Q, 18, 75]
2024-05-18 16:59:11,616 [main] INFO  client.Client - [Q, 60, 32]
2024-05-18 16:59:11,616 [main] INFO  client.Client - [D, 33, 20]
2024-05-18 16:59:11,616 [main] INFO  client.Client - [A, 52, 13]
2024-05-18 16:59:11,616 [main] INFO  client.Client - [Q, 66, 69]
2024-05-18 16:59:11,616 [main] INFO  client.Client - [Q, 97, 21]
2024-05-18 16:59:11,616 [main] INFO  client.Client - [Q, 3, 70]
2024-05-18 16:59:11,616 [main] INFO  client.Client - [Q, 51, 90]
2024-05-18 16:59:11,616 [main] INFO  client.Client - [Q, 9, 61]
2024-05-18 16:59:11,616 [main] INFO  client.Client - [D, 68, 64]
2024-05-18 16:59:11,616 [main] INFO  client.Client - [A, 79, 6]
2024-05-18 16:59:11,616 [main] INFO  client.Client - [D, 54, 21]
2024-05-18 16:59:11,616 [main] INFO  client.Client - [A, 88, 7]
2024-05-18 16:59:11,616 [main] INFO  client.Client - [Q, 33, 25]
2024-05-18 16:59:11,616 [main] INFO  client.Client - [D, 24, 71]
2024-05-18 16:59:11,617 [main] INFO  client.Client - [A, 91, 46]
2024-05-18 16:59:11,617 [main] INFO  client.Client - [A, 55, 53]
2024-05-18 16:59:11,617 [main] INFO  client.Client - [D, 29, 9]
2024-05-18 16:59:11,617 [main] INFO  client.Client - [Q, 40, 85]
2024-05-18 16:59:11,617 [main] INFO  client.Client - [Q, 78, 3]
2024-05-18 16:59:11,617 [main] INFO  client.Client - [Q, 60, 43]
2024-05-18 16:59:11,617 [main] INFO  client.Client - [Q, 91, 2]
2024-05-18 16:59:11,617 [main] INFO  client.Client - [Q, 76, 67]
2024-05-18 16:59:11,617 [main] INFO  client.Client - [A, 9, 64]
2024-05-18 16:59:11,617 [main] INFO  client.Client - [Q, 87, 82]
2024-05-18 16:59:11,617 [main] INFO  client.Client - [D, 58, 97]
2024-05-18 16:59:11,617 [main] INFO  client.Client - [A, 76, 76]
2024-05-18 16:59:11,617 [main] INFO  client.Client - [Q, 54, 62]
2024-05-18 16:59:11,617 [main] INFO  client.Client - [Q, 8, 38]
2024-05-18 16:59:11,617 [main] INFO  client.Client - [Q, 72, 6]
2024-05-18 16:59:11,617 [main] INFO  client.Client - [Q, 9, 24]
2024-05-18 16:59:11,617 [main] INFO  client.Client - [A, 29, 21]
2024-05-18 16:59:11,617 [main] INFO  client.Client - [D, 81, 11]
2024-05-18 16:59:11,617 [main] INFO  client.Client - [D, 77, 91]
2024-05-18 16:59:11,618 [main] INFO  client.Client - [Q, 18, 37]
2024-05-18 16:59:11,618 [main] INFO  client.Client - [Q, 28, 13]
2024-05-18 16:59:11,618 [main] INFO  client.Client - [A, 78, 80]
2024-05-18 16:59:11,618 [main] INFO  client.Client - [Q, 96, 72]
2024-05-18 16:59:11,618 [main] INFO  client.Client - [A, 10, 65]
2024-05-18 16:59:11,618 [main] INFO  client.Client - [Q, 43, 4]
2024-05-18 16:59:11,618 [main] INFO  client.Client - [D, 18, 95]
2024-05-18 16:59:11,618 [main] INFO  client.Client - [Q, 73, 6]
2024-05-18 16:59:11,618 [main] INFO  client.Client - [A, 10, 43]
2024-05-18 16:59:11,618 [main] INFO  client.Client - [A, 26, 55]
2024-05-18 16:59:11,618 [main] INFO  client.Client - [Q, 69, 19]
2024-05-18 16:59:11,618 [main] INFO  client.Client - [D, 1, 37]
2024-05-18 16:59:11,618 [main] INFO  client.Client - [A, 21, 1]
2024-05-18 16:59:11,618 [main] INFO  client.Client - [Q, 97, 62]
2024-05-18 16:59:11,618 [main] INFO  client.Client - [Q, 92, 56]
2024-05-18 16:59:11,618 [main] INFO  client.Client - [D, 72, 38]
2024-05-18 16:59:11,619 [main] INFO  client.Client - [Q, 50, 91]
2024-05-18 16:59:11,619 [main] INFO  client.Client - [D, 61, 99]
2024-05-18 16:59:11,619 [main] INFO  client.Client - [A, 10, 96]
2024-05-18 16:59:11,619 [main] INFO  client.Client - [A, 98, 79]
2024-05-18 16:59:11,619 [main] INFO  client.Client - [Q, 38, 80]
2024-05-18 16:59:11,619 [main] INFO  client.Client - [A, 45, 89]
2024-05-18 16:59:11,619 [main] INFO  client.Client - [Q, 77, 40]
2024-05-18 16:59:11,619 [main] INFO  client.Client - [Q, 70, 84]
2024-05-18 16:59:11,619 [main] INFO  client.Client - [Q, 26, 82]
2024-05-18 16:59:11,619 [main] INFO  client.Client - [Q, 5, 7]
2024-05-18 16:59:11,619 [main] INFO  client.Client - [A, 81, 56]
2024-05-18 16:59:11,619 [main] INFO  client.Client - [Q, 76, 39]
2024-05-18 16:59:11,619 [main] INFO  client.Client - [A, 27, 99]
2024-05-18 16:59:11,619 [main] INFO  client.Client - [Q, 90, 66]
2024-05-18 16:59:11,619 [main] INFO  client.Client - [Q, 15, 79]
2024-05-18 16:59:11,928 [main] INFO  client.Client - Elapsed time: 309 milliseconds
2024-05-18 16:59:11,928 [main] INFO  client.Client - Received: [2, 2, 2, 1, 2, 1, 1, 2, 2, 1, 2, 2, 2, 2, 1, 2, 2, 2, 2, 2, 2, 2, 1, 2, 2, 2, 2, 2, 2, 2, 2, 1, 2, 2, 2, 2, 2, 1, 2, 1, 2, 2, 2, 2, 2, 2, 2, 2, 2, 2, 2, 2, 1, 1, 2, 2, 2]
2024-05-18 16:59:11,929 [main] INFO  client.Client - Sent:
2024-05-18 16:59:11,929 [main] INFO  client.Client - [A, 35, 32]
2024-05-18 16:59:11,929 [main] INFO  client.Client - [Q, 43, 83]
2024-05-18 16:59:11,929 [main] INFO  client.Client - [A, 77, 39]
2024-05-18 16:59:11,929 [main] INFO  client.Client - [Q, 57, 52]
2024-05-18 16:59:11,929 [main] INFO  client.Client - [D, 53, 79]
2024-05-18 16:59:11,929 [main] INFO  client.Client - [Q, 24, 80]
2024-05-18 16:59:11,929 [main] INFO  client.Client - [A, 91, 61]
2024-05-18 16:59:11,929 [main] INFO  client.Client - [Q, 60, 75]
2024-05-18 16:59:11,929 [main] INFO  client.Client - [Q, 74, 72]
2024-05-18 16:59:11,929 [main] INFO  client.Client - [Q, 9, 15]
2024-05-18 16:59:11,929 [main] INFO  client.Client - [Q, 10, 81]
2024-05-18 16:59:11,929 [main] INFO  client.Client - [Q, 27, 7]
2024-05-18 16:59:11,929 [main] INFO  client.Client - [D, 95, 40]
2024-05-18 16:59:11,929 [main] INFO  client.Client - [Q, 79, 50]
2024-05-18 16:59:11,929 [main] INFO  client.Client - [Q, 48, 81]
2024-05-18 16:59:11,930 [main] INFO  client.Client - [D, 1, 43]
2024-05-18 16:59:11,930 [main] INFO  client.Client - [Q, 38, 6]
2024-05-18 16:59:11,930 [main] INFO  client.Client - [Q, 23, 36]
2024-05-18 16:59:11,930 [main] INFO  client.Client - [A, 44, 73]
2024-05-18 16:59:11,930 [main] INFO  client.Client - [Q, 11, 62]
2024-05-18 16:59:11,930 [main] INFO  client.Client - [Q, 19, 53]
2024-05-18 16:59:11,930 [main] INFO  client.Client - [Q, 99, 58]
2024-05-18 16:59:11,930 [main] INFO  client.Client - [Q, 50, 67]
2024-05-18 16:59:11,930 [main] INFO  client.Client - [A, 94, 40]
2024-05-18 16:59:11,930 [main] INFO  client.Client - [A, 91, 52]
2024-05-18 16:59:11,930 [main] INFO  client.Client - [D, 29, 46]
2024-05-18 16:59:11,930 [main] INFO  client.Client - [Q, 56, 48]
2024-05-18 16:59:11,930 [main] INFO  client.Client - [D, 70, 76]
2024-05-18 16:59:11,930 [main] INFO  client.Client - [A, 80, 66]
2024-05-18 16:59:11,930 [main] INFO  client.Client - [A, 76, 37]
2024-05-18 16:59:11,930 [main] INFO  client.Client - [D, 22, 59]
2024-05-18 16:59:11,930 [main] INFO  client.Client - [D, 65, 87]
2024-05-18 16:59:11,930 [main] INFO  client.Client - [D, 93, 34]
2024-05-18 16:59:11,930 [main] INFO  client.Client - [Q, 58, 88]
2024-05-18 16:59:11,930 [main] INFO  client.Client - [D, 35, 5]
2024-05-18 16:59:11,930 [main] INFO  client.Client - [Q, 44, 83]
2024-05-18 16:59:11,930 [main] INFO  client.Client - [Q, 21, 63]
2024-05-18 16:59:11,930 [main] INFO  client.Client - [Q, 6, 29]
2024-05-18 16:59:11,930 [main] INFO  client.Client - [A, 61, 27]
2024-05-18 16:59:11,930 [main] INFO  client.Client - [Q, 1, 2]
2024-05-18 16:59:11,930 [main] INFO  client.Client - [Q, 7, 86]
2024-05-18 16:59:11,931 [main] INFO  client.Client - [Q, 2, 28]
2024-05-18 16:59:11,931 [main] INFO  client.Client - [A, 16, 90]
2024-05-18 16:59:11,931 [main] INFO  client.Client - [Q, 43, 24]
2024-05-18 16:59:11,931 [main] INFO  client.Client - [Q, 72, 73]
2024-05-18 16:59:11,931 [main] INFO  client.Client - [Q, 87, 66]
2024-05-18 16:59:11,931 [main] INFO  client.Client - [Q, 94, 79]
2024-05-18 16:59:11,931 [main] INFO  client.Client - [Q, 78, 1]
2024-05-18 16:59:11,931 [main] INFO  client.Client - [A, 98, 86]
2024-05-18 16:59:11,931 [main] INFO  client.Client - [A, 33, 44]
2024-05-18 16:59:11,931 [main] INFO  client.Client - [Q, 5, 80]
2024-05-18 16:59:11,931 [main] INFO  client.Client - [Q, 99, 82]
2024-05-18 16:59:11,931 [main] INFO  client.Client - [A, 51, 51]
2024-05-18 16:59:11,931 [main] INFO  client.Client - [Q, 19, 4]
2024-05-18 16:59:11,931 [main] INFO  client.Client - [Q, 20, 91]
2024-05-18 16:59:11,931 [main] INFO  client.Client - [Q, 2, 92]
2024-05-18 16:59:11,931 [main] INFO  client.Client - [Q, 58, 57]
2024-05-18 16:59:11,931 [main] INFO  client.Client - [A, 42, 43]
2024-05-18 16:59:11,931 [main] INFO  client.Client - [D, 23, 17]
2024-05-18 16:59:11,931 [main] INFO  client.Client - [Q, 74, 36]
2024-05-18 16:59:11,931 [main] INFO  client.Client - [Q, 24, 96]
2024-05-18 16:59:11,932 [main] INFO  client.Client - [Q, 16, 82]
2024-05-18 16:59:11,932 [main] INFO  client.Client - [Q, 91, 83]
2024-05-18 16:59:11,932 [main] INFO  client.Client - [D, 7, 65]
2024-05-18 16:59:11,932 [main] INFO  client.Client - [Q, 40, 13]
2024-05-18 16:59:11,932 [main] INFO  client.Client - [Q, 76, 8]
2024-05-18 16:59:11,932 [main] INFO  client.Client - [A, 54, 82]
2024-05-18 16:59:11,932 [main] INFO  client.Client - [D, 10, 80]
2024-05-18 16:59:11,932 [main] INFO  client.Client - [A, 7, 87]
2024-05-18 16:59:11,932 [main] INFO  client.Client - [D, 0, 53]
2024-05-18 16:59:11,932 [main] INFO  client.Client - [A, 43, 68]
2024-05-18 16:59:11,932 [main] INFO  client.Client - [D, 2, 98]
2024-05-18 16:59:11,932 [main] INFO  client.Client - [Q, 24, 91]
2024-05-18 16:59:11,932 [main] INFO  client.Client - [D, 60, 86]
2024-05-18 16:59:11,932 [main] INFO  client.Client - [Q, 50, 24]
2024-05-18 16:59:11,932 [main] INFO  client.Client - [D, 40, 33]
2024-05-18 16:59:11,932 [main] INFO  client.Client - [Q, 23, 78]
2024-05-18 16:59:11,932 [main] INFO  client.Client - [A, 77, 19]
2024-05-18 16:59:11,932 [main] INFO  client.Client - [D, 73, 91]
2024-05-18 16:59:11,932 [main] INFO  client.Client - [Q, 60, 10]
2024-05-18 16:59:11,932 [main] INFO  client.Client - [D, 59, 95]
2024-05-18 16:59:11,932 [main] INFO  client.Client - [Q, 48, 8]
2024-05-18 16:59:11,932 [main] INFO  client.Client - [Q, 93, 34]
2024-05-18 16:59:11,932 [main] INFO  client.Client - [Q, 28, 61]
2024-05-18 16:59:11,932 [main] INFO  client.Client - [Q, 56, 55]
2024-05-18 16:59:11,932 [main] INFO  client.Client - [Q, 71, 8]
2024-05-18 16:59:11,933 [main] INFO  client.Client - [A, 71, 61]
2024-05-18 16:59:11,933 [main] INFO  client.Client - [Q, 91, 35]
2024-05-18 16:59:11,933 [main] INFO  client.Client - [Q, 85, 67]
2024-05-18 16:59:11,933 [main] INFO  client.Client - [D, 50, 94]
2024-05-18 16:59:11,933 [main] INFO  client.Client - [Q, 59, 18]
2024-05-18 16:59:11,933 [main] INFO  client.Client - [Q, 6, 55]
2024-05-18 16:59:11,933 [main] INFO  client.Client - [Q, 22, 42]
2024-05-18 16:59:11,933 [main] INFO  client.Client - [Q, 31, 90]
2024-05-18 16:59:11,933 [main] INFO  client.Client - [D, 32, 75]
2024-05-18 16:59:11,933 [main] INFO  client.Client - [A, 17, 57]
2024-05-18 16:59:11,933 [main] INFO  client.Client - [Q, 61, 36]
2024-05-18 16:59:11,933 [main] INFO  client.Client - [D, 21, 2]
2024-05-18 16:59:11,933 [main] INFO  client.Client - [Q, 49, 46]
2024-05-18 16:59:11,933 [main] INFO  client.Client - [Q, 98, 33]
2024-05-18 16:59:12,363 [main] INFO  client.Client - Elapsed time: 430 milliseconds
2024-05-18 16:59:12,363 [main] INFO  client.Client - Received: [1, 2, 2, 1, 2, 2, 2, 2, 2, 2, 2, 2, 1, 1, 1, 2, 1, 2, 2, 2, 2, 1, 2, 2, 2, 1, 2, 2, 2, 2, 2, 2, 2, 1, 2, 2, 2, 2, 2, 2, 2, 2, 2, 2, 2, 2, 2, 2, 2, 2, 1, 1, 2, 2, 2, 2, 2, 2, 1]
2024-05-18 16:59:12,365 [main] INFO  client.Client - Sent:
2024-05-18 16:59:12,365 [main] INFO  client.Client - [Q, 57, 36]
2024-05-18 16:59:12,365 [main] INFO  client.Client - [D, 99, 64]
2024-05-18 16:59:12,365 [main] INFO  client.Client - [D, 88, 5]
2024-05-18 16:59:12,365 [main] INFO  client.Client - [Q, 72, 88]
2024-05-18 16:59:12,365 [main] INFO  client.Client - [Q, 89, 63]
2024-05-18 16:59:12,365 [main] INFO  client.Client - [Q, 60, 42]
2024-05-18 16:59:12,365 [main] INFO  client.Client - [A, 48, 74]
2024-05-18 16:59:12,365 [main] INFO  client.Client - [A, 91, 6]
2024-05-18 16:59:12,366 [main] INFO  client.Client - [Q, 73, 43]
2024-05-18 16:59:12,366 [main] INFO  client.Client - [D, 98, 28]
2024-05-18 16:59:12,366 [main] INFO  client.Client - [Q, 74, 6]
2024-05-18 16:59:12,366 [main] INFO  client.Client - [Q, 93, 23]
2024-05-18 16:59:12,366 [main] INFO  client.Client - [D, 71, 17]
2024-05-18 16:59:12,366 [main] INFO  client.Client - [D, 85, 47]
2024-05-18 16:59:12,366 [main] INFO  client.Client - [Q, 53, 11]
2024-05-18 16:59:12,366 [main] INFO  client.Client - [Q, 51, 30]
2024-05-18 16:59:12,366 [main] INFO  client.Client - [Q, 12, 93]
2024-05-18 16:59:12,366 [main] INFO  client.Client - [Q, 34, 29]
2024-05-18 16:59:12,366 [main] INFO  client.Client - [Q, 55, 49]
2024-05-18 16:59:12,366 [main] INFO  client.Client - [A, 62, 85]
2024-05-18 16:59:12,366 [main] INFO  client.Client - [Q, 39, 23]
2024-05-18 16:59:12,366 [main] INFO  client.Client - [Q, 46, 94]
2024-05-18 16:59:12,366 [main] INFO  client.Client - [Q, 18, 70]
2024-05-18 16:59:12,366 [main] INFO  client.Client - [A, 62, 93]
2024-05-18 16:59:12,366 [main] INFO  client.Client - [D, 94, 29]
2024-05-18 16:59:12,366 [main] INFO  client.Client - [Q, 12, 42]
2024-05-18 16:59:12,366 [main] INFO  client.Client - [Q, 17, 79]
2024-05-18 16:59:12,366 [main] INFO  client.Client - [D, 82, 55]
2024-05-18 16:59:12,366 [main] INFO  client.Client - [Q, 17, 56]
2024-05-18 16:59:12,366 [main] INFO  client.Client - [Q, 49, 99]
2024-05-18 16:59:12,366 [main] INFO  client.Client - [Q, 87, 99]
2024-05-18 16:59:12,366 [main] INFO  client.Client - [A, 72, 33]
2024-05-18 16:59:12,366 [main] INFO  client.Client - [D, 1, 78]
2024-05-18 16:59:12,366 [main] INFO  client.Client - [Q, 40, 6]
2024-05-18 16:59:12,366 [main] INFO  client.Client - [A, 84, 5]
2024-05-18 16:59:12,367 [main] INFO  client.Client - [Q, 42, 36]
2024-05-18 16:59:12,367 [main] INFO  client.Client - [Q, 62, 7]
2024-05-18 16:59:12,367 [main] INFO  client.Client - [Q, 32, 96]
2024-05-18 16:59:12,367 [main] INFO  client.Client - [Q, 26, 50]
2024-05-18 16:59:12,367 [main] INFO  client.Client - [A, 76, 89]
2024-05-18 16:59:12,367 [main] INFO  client.Client - [Q, 82, 41]
2024-05-18 16:59:12,367 [main] INFO  client.Client - [Q, 89, 20]
2024-05-18 16:59:12,367 [main] INFO  client.Client - [Q, 62, 62]
2024-05-18 16:59:12,367 [main] INFO  client.Client - [D, 52, 75]
2024-05-18 16:59:12,367 [main] INFO  client.Client - [D, 25, 47]
2024-05-18 16:59:12,367 [main] INFO  client.Client - [Q, 27, 65]
2024-05-18 16:59:12,367 [main] INFO  client.Client - [Q, 38, 11]
2024-05-18 16:59:12,367 [main] INFO  client.Client - [Q, 63, 12]
2024-05-18 16:59:12,367 [main] INFO  client.Client - [Q, 87, 66]
2024-05-18 16:59:12,367 [main] INFO  client.Client - [A, 54, 13]
2024-05-18 16:59:12,367 [main] INFO  client.Client - [A, 33, 13]
2024-05-18 16:59:12,367 [main] INFO  client.Client - [Q, 17, 77]
2024-05-18 16:59:12,367 [main] INFO  client.Client - [Q, 94, 37]
2024-05-18 16:59:12,367 [main] INFO  client.Client - [Q, 24, 41]
2024-05-18 16:59:12,367 [main] INFO  client.Client - [Q, 95, 81]
2024-05-18 16:59:12,367 [main] INFO  client.Client - [A, 82, 63]
2024-05-18 16:59:12,367 [main] INFO  client.Client - [Q, 75, 0]
2024-05-18 16:59:12,367 [main] INFO  client.Client - [Q, 73, 97]
2024-05-18 16:59:12,367 [main] INFO  client.Client - [A, 89, 48]
2024-05-18 16:59:12,368 [main] INFO  client.Client - [Q, 36, 58]
2024-05-18 16:59:12,368 [main] INFO  client.Client - [Q, 24, 83]
2024-05-18 16:59:12,368 [main] INFO  client.Client - [Q, 87, 90]
2024-05-18 16:59:12,368 [main] INFO  client.Client - [A, 37, 31]
2024-05-18 16:59:12,368 [main] INFO  client.Client - [A, 1, 10]
2024-05-18 16:59:12,368 [main] INFO  client.Client - [A, 25, 68]
2024-05-18 16:59:12,368 [main] INFO  client.Client - [Q, 90, 11]
2024-05-18 16:59:12,368 [main] INFO  client.Client - [Q, 51, 43]
2024-05-18 16:59:12,368 [main] INFO  client.Client - [Q, 77, 12]
2024-05-18 16:59:12,368 [main] INFO  client.Client - [Q, 2, 91]
2024-05-18 16:59:12,368 [main] INFO  client.Client - [A, 38, 76]
2024-05-18 16:59:12,368 [main] INFO  client.Client - [Q, 67, 99]
2024-05-18 16:59:12,368 [main] INFO  client.Client - [D, 46, 49]
2024-05-18 16:59:12,368 [main] INFO  client.Client - [A, 85, 49]
2024-05-18 16:59:12,368 [main] INFO  client.Client - [Q, 92, 1]
2024-05-18 16:59:12,368 [main] INFO  client.Client - [Q, 90, 48]
2024-05-18 16:59:12,368 [main] INFO  client.Client - [Q, 54, 25]
2024-05-18 16:59:12,368 [main] INFO  client.Client - [A, 3, 32]
2024-05-18 16:59:12,368 [main] INFO  client.Client - [A, 87, 28]
2024-05-18 16:59:12,368 [main] INFO  client.Client - [Q, 33, 67]
2024-05-18 16:59:12,368 [main] INFO  client.Client - [A, 47, 17]
2024-05-18 16:59:12,368 [main] INFO  client.Client - [Q, 12, 66]
2024-05-18 16:59:12,368 [main] INFO  client.Client - [A, 80, 11]
2024-05-18 16:59:12,369 [main] INFO  client.Client - [A, 86, 43]
2024-05-18 16:59:12,369 [main] INFO  client.Client - [Q, 23, 82]
2024-05-18 16:59:12,369 [main] INFO  client.Client - [D, 49, 93]
2024-05-18 16:59:12,369 [main] INFO  client.Client - [A, 40, 20]
2024-05-18 16:59:12,369 [main] INFO  client.Client - [A, 18, 6]
2024-05-18 16:59:12,369 [main] INFO  client.Client - [Q, 65, 35]
2024-05-18 16:59:12,369 [main] INFO  client.Client - [A, 71, 81]
2024-05-18 16:59:12,369 [main] INFO  client.Client - [D, 70, 78]
2024-05-18 16:59:12,369 [main] INFO  client.Client - [Q, 41, 39]
2024-05-18 16:59:12,369 [main] INFO  client.Client - [Q, 94, 2]
2024-05-18 16:59:12,369 [main] INFO  client.Client - [D, 9, 0]
2024-05-18 16:59:12,369 [main] INFO  client.Client - [Q, 95, 74]
2024-05-18 16:59:12,369 [main] INFO  client.Client - [D, 9, 11]
2024-05-18 16:59:12,369 [main] INFO  client.Client - [A, 7, 79]
2024-05-18 16:59:12,369 [main] INFO  client.Client - [A, 79, 29]
2024-05-18 16:59:12,369 [main] INFO  client.Client - [D, 78, 72]
2024-05-18 16:59:12,369 [main] INFO  client.Client - [D, 2, 2]
2024-05-18 16:59:12,369 [main] INFO  client.Client - [Q, 57, 70]
2024-05-18 16:59:12,677 [main] INFO  client.Client - Elapsed time: 308 milliseconds
2024-05-18 16:59:12,677 [main] INFO  client.Client - Received: [2, 2, 2, 1, 2, 1, 2, 2, 2, 2, 2, 1, 2, 2, 2, 2, 2, 2, 1, 1, 2, 2, 1, 2, 1, 2, 2, 0, 1, 2, 2, 2, 1, 2, 1, 2, 2, 2, 2, 2, 2, 2, 2, 1, 1, 2, 2, 2, 1, 1, 2, 1, 2, 2, 2, 2, 2]
2024-05-18 16:59:12,678 [main] INFO  client.Client - Sent:
2024-05-18 16:59:12,678 [main] INFO  client.Client - [Q, 10, 68]
2024-05-18 16:59:12,678 [main] INFO  client.Client - [Q, 54, 39]
2024-05-18 16:59:12,678 [main] INFO  client.Client - [D, 63, 86]
2024-05-18 16:59:12,678 [main] INFO  client.Client - [A, 15, 50]
2024-05-18 16:59:12,678 [main] INFO  client.Client - [A, 41, 45]
2024-05-18 16:59:12,678 [main] INFO  client.Client - [D, 11, 61]
2024-05-18 16:59:12,678 [main] INFO  client.Client - [A, 62, 16]
2024-05-18 16:59:12,678 [main] INFO  client.Client - [Q, 95, 65]
2024-05-18 16:59:12,678 [main] INFO  client.Client - [Q, 76, 52]
2024-05-18 16:59:12,678 [main] INFO  client.Client - [D, 54, 35]
2024-05-18 16:59:12,678 [main] INFO  client.Client - [A, 26, 69]
2024-05-18 16:59:12,678 [main] INFO  client.Client - [Q, 59, 79]
2024-05-18 16:59:12,678 [main] INFO  client.Client - [Q, 99, 15]
2024-05-18 16:59:12,678 [main] INFO  client.Client - [D, 88, 73]
2024-05-18 16:59:12,678 [main] INFO  client.Client - [D, 96, 66]
2024-05-18 16:59:12,678 [main] INFO  client.Client - [D, 89, 70]
2024-05-18 16:59:12,678 [main] INFO  client.Client - [A, 67, 67]
2024-05-18 16:59:12,678 [main] INFO  client.Client - [Q, 66, 75]
2024-05-18 16:59:12,678 [main] INFO  client.Client - [D, 75, 66]
2024-05-18 16:59:12,679 [main] INFO  client.Client - [Q, 75, 53]
2024-05-18 16:59:12,679 [main] INFO  client.Client - [Q, 7, 93]
2024-05-18 16:59:12,679 [main] INFO  client.Client - [Q, 87, 58]
2024-05-18 16:59:12,679 [main] INFO  client.Client - [Q, 80, 66]
2024-05-18 16:59:12,679 [main] INFO  client.Client - [Q, 16, 89]
2024-05-18 16:59:12,679 [main] INFO  client.Client - [Q, 32, 99]
2024-05-18 16:59:12,679 [main] INFO  client.Client - [A, 57, 93]
2024-05-18 16:59:12,679 [main] INFO  client.Client - [Q, 70, 69]
2024-05-18 16:59:12,679 [main] INFO  client.Client - [A, 68, 9]
2024-05-18 16:59:12,679 [main] INFO  client.Client - [A, 97, 36]
2024-05-18 16:59:12,679 [main] INFO  client.Client - [A, 86, 28]
2024-05-18 16:59:12,679 [main] INFO  client.Client - [Q, 96, 0]
2024-05-18 16:59:12,679 [main] INFO  client.Client - [A, 44, 20]
2024-05-18 16:59:12,679 [main] INFO  client.Client - [A, 37, 38]
2024-05-18 16:59:12,679 [main] INFO  client.Client - [D, 65, 14]
2024-05-18 16:59:12,679 [main] INFO  client.Client - [D, 77, 91]
2024-05-18 16:59:12,679 [main] INFO  client.Client - [Q, 45, 39]
2024-05-18 16:59:12,679 [main] INFO  client.Client - [D, 88, 52]
2024-05-18 16:59:12,679 [main] INFO  client.Client - [Q, 79, 99]
2024-05-18 16:59:12,679 [main] INFO  client.Client - [Q, 47, 78]
2024-05-18 16:59:12,679 [main] INFO  client.Client - [Q, 46, 64]
2024-05-18 16:59:12,679 [main] INFO  client.Client - [A, 87, 94]
2024-05-18 16:59:12,679 [main] INFO  client.Client - [Q, 52, 69]
2024-05-18 16:59:12,679 [main] INFO  client.Client - [Q, 90, 45]
2024-05-18 16:59:12,679 [main] INFO  client.Client - [D, 29, 2]
2024-05-18 16:59:12,680 [main] INFO  client.Client - [Q, 33, 36]
2024-05-18 16:59:12,680 [main] INFO  client.Client - [A, 46, 4]
2024-05-18 16:59:12,680 [main] INFO  client.Client - [Q, 53, 26]
2024-05-18 16:59:12,680 [main] INFO  client.Client - [D, 28, 66]
2024-05-18 16:59:12,680 [main] INFO  client.Client - [D, 2, 15]
2024-05-18 16:59:12,680 [main] INFO  client.Client - [Q, 75, 44]
2024-05-18 16:59:12,680 [main] INFO  client.Client - [A, 84, 36]
2024-05-18 16:59:12,680 [main] INFO  client.Client - [Q, 81, 8]
2024-05-18 16:59:12,680 [main] INFO  client.Client - [A, 41, 88]
2024-05-18 16:59:12,680 [main] INFO  client.Client - [A, 95, 40]
2024-05-18 16:59:12,680 [main] INFO  client.Client - [D, 27, 21]
2024-05-18 16:59:12,680 [main] INFO  client.Client - [D, 9, 92]
2024-05-18 16:59:12,680 [main] INFO  client.Client - [Q, 68, 49]
2024-05-18 16:59:12,680 [main] INFO  client.Client - [D, 37, 21]
2024-05-18 16:59:12,680 [main] INFO  client.Client - [A, 51, 53]
2024-05-18 16:59:12,680 [main] INFO  client.Client - [A, 88, 21]
2024-05-18 16:59:12,680 [main] INFO  client.Client - [Q, 73, 59]
2024-05-18 16:59:12,680 [main] INFO  client.Client - [D, 30, 40]
2024-05-18 16:59:12,680 [main] INFO  client.Client - [Q, 74, 57]
2024-05-18 16:59:12,680 [main] INFO  client.Client - [A, 21, 60]
2024-05-18 16:59:12,680 [main] INFO  client.Client - [D, 24, 82]
2024-05-18 16:59:12,680 [main] INFO  client.Client - [Q, 92, 29]
2024-05-18 16:59:12,680 [main] INFO  client.Client - [D, 28, 87]
2024-05-18 16:59:12,680 [main] INFO  client.Client - [D, 88, 88]
2024-05-18 16:59:12,680 [main] INFO  client.Client - [A, 24, 7]
2024-05-18 16:59:12,680 [main] INFO  client.Client - [Q, 80, 8]
2024-05-18 16:59:12,680 [main] INFO  client.Client - [Q, 81, 32]
2024-05-18 16:59:12,681 [main] INFO  client.Client - [Q, 78, 75]
2024-05-18 16:59:12,681 [main] INFO  client.Client - [A, 9, 24]
2024-05-18 16:59:12,681 [main] INFO  client.Client - [D, 87, 80]
2024-05-18 16:59:12,681 [main] INFO  client.Client - [D, 56, 92]
2024-05-18 16:59:12,681 [main] INFO  client.Client - [A, 16, 8]
2024-05-18 16:59:12,681 [main] INFO  client.Client - [D, 27, 23]
2024-05-18 16:59:12,681 [main] INFO  client.Client - [Q, 86, 88]
2024-05-18 16:59:12,681 [main] INFO  client.Client - [A, 72, 6]
2024-05-18 16:59:12,681 [main] INFO  client.Client - [Q, 14, 22]
2024-05-18 16:59:12,681 [main] INFO  client.Client - [A, 34, 26]
2024-05-18 16:59:12,681 [main] INFO  client.Client - [A, 85, 60]
2024-05-18 16:59:12,681 [main] INFO  client.Client - [D, 32, 69]
2024-05-18 16:59:12,681 [main] INFO  client.Client - [Q, 95, 12]
2024-05-18 16:59:12,681 [main] INFO  client.Client - [Q, 36, 65]
2024-05-18 16:59:12,681 [main] INFO  client.Client - [Q, 99, 26]
2024-05-18 16:59:12,681 [main] INFO  client.Client - [Q, 87, 51]
2024-05-18 16:59:12,681 [main] INFO  client.Client - [Q, 70, 27]
2024-05-18 16:59:12,681 [main] INFO  client.Client - [Q, 1, 4]
2024-05-18 16:59:12,681 [main] INFO  client.Client - [D, 52, 38]
2024-05-18 16:59:12,681 [main] INFO  client.Client - [A, 78, 67]
2024-05-18 16:59:12,681 [main] INFO  client.Client - [D, 68, 2]
2024-05-18 16:59:12,681 [main] INFO  client.Client - [A, 98, 27]
2024-05-18 16:59:12,681 [main] INFO  client.Client - [Q, 99, 18]
2024-05-18 16:59:12,682 [main] INFO  client.Client - [Q, 84, 10]
2024-05-18 16:59:12,682 [main] INFO  client.Client - [A, 51, 91]
2024-05-18 16:59:12,682 [main] INFO  client.Client - [Q, 50, 75]
2024-05-18 16:59:12,682 [main] INFO  client.Client - [D, 35, 10]
2024-05-18 16:59:12,682 [main] INFO  client.Client - [A, 83, 46]
2024-05-18 16:59:12,682 [main] INFO  client.Client - [D, 11, 10]
2024-05-18 16:59:13,024 [main] INFO  client.Client - Elapsed time: 341 milliseconds
2024-05-18 16:59:13,024 [main] INFO  client.Client - Received: [1, 2, 2, 2, 2, 1, 2, 2, 2, 2, 1, 2, 2, 1, 2, 2, 1, 2, 2, 2, 1, 2, 2, 2, 1, 2, 1, 2, 2, 2, 1, 2, 2, 2, 2, 2, 2, 1, 2, 2, 2, 2, 2]
2024-05-18 16:59:13,028 [main] INFO  client.Client - Sent:
2024-05-18 16:59:13,028 [main] INFO  client.Client - [Q, 83, 80]
2024-05-18 16:59:13,028 [main] INFO  client.Client - [A, 89, 61]
2024-05-18 16:59:13,028 [main] INFO  client.Client - [A, 30, 1]
2024-05-18 16:59:13,028 [main] INFO  client.Client - [D, 91, 24]
2024-05-18 16:59:13,028 [main] INFO  client.Client - [A, 44, 7]
2024-05-18 16:59:13,028 [main] INFO  client.Client - [Q, 34, 17]
2024-05-18 16:59:13,028 [main] INFO  client.Client - [D, 21, 71]
2024-05-18 16:59:13,028 [main] INFO  client.Client - [D, 31, 31]
2024-05-18 16:59:13,028 [main] INFO  client.Client - [A, 81, 36]
2024-05-18 16:59:13,028 [main] INFO  client.Client - [A, 9, 6]
2024-05-18 16:59:13,028 [main] INFO  client.Client - [Q, 74, 70]
2024-05-18 16:59:13,028 [main] INFO  client.Client - [A, 97, 43]
2024-05-18 16:59:13,028 [main] INFO  client.Client - [A, 15, 78]
2024-05-18 16:59:13,029 [main] INFO  client.Client - [D, 3, 2]
2024-05-18 16:59:13,029 [main] INFO  client.Client - [Q, 25, 62]
2024-05-18 16:59:13,029 [main] INFO  client.Client - [A, 69, 25]
2024-05-18 16:59:13,029 [main] INFO  client.Client - [A, 69, 87]
2024-05-18 16:59:13,029 [main] INFO  client.Client - [Q, 73, 93]
2024-05-18 16:59:13,029 [main] INFO  client.Client - [D, 57, 95]
2024-05-18 16:59:13,029 [main] INFO  client.Client - [A, 2, 50]
2024-05-18 16:59:13,030 [main] INFO  client.Client - [Q, 97, 40]
2024-05-18 16:59:13,030 [main] INFO  client.Client - [D, 6, 51]
2024-05-18 16:59:13,031 [main] INFO  client.Client - [D, 89, 61]
2024-05-18 16:59:13,031 [main] INFO  client.Client - [Q, 90, 52]
2024-05-18 16:59:13,031 [main] INFO  client.Client - [A, 30, 30]
2024-05-18 16:59:13,031 [main] INFO  client.Client - [A, 25, 93]
2024-05-18 16:59:13,031 [main] INFO  client.Client - [Q, 24, 17]
2024-05-18 16:59:13,032 [main] INFO  client.Client - [A, 8, 75]
2024-05-18 16:59:13,032 [main] INFO  client.Client - [Q, 20, 49]
2024-05-18 16:59:13,032 [main] INFO  client.Client - [Q, 61, 90]
2024-05-18 16:59:13,032 [main] INFO  client.Client - [D, 20, 55]
2024-05-18 16:59:13,032 [main] INFO  client.Client - [Q, 52, 37]
2024-05-18 16:59:13,032 [main] INFO  client.Client - [Q, 50, 14]
2024-05-18 16:59:13,032 [main] INFO  client.Client - [A, 10, 2]
2024-05-18 16:59:13,032 [main] INFO  client.Client - [Q, 13, 38]
2024-05-18 16:59:13,032 [main] INFO  client.Client - [Q, 93, 52]
2024-05-18 16:59:13,032 [main] INFO  client.Client - [A, 86, 73]
2024-05-18 16:59:13,032 [main] INFO  client.Client - [D, 54, 44]
2024-05-18 16:59:13,032 [main] INFO  client.Client - [A, 85, 73]
2024-05-18 16:59:13,032 [main] INFO  client.Client - [D, 8, 55]
2024-05-18 16:59:13,032 [main] INFO  client.Client - [A, 13, 12]
2024-05-18 16:59:13,032 [main] INFO  client.Client - [D, 97, 62]
2024-05-18 16:59:13,032 [main] INFO  client.Client - [D, 37, 92]
2024-05-18 16:59:13,032 [main] INFO  client.Client - [Q, 96, 25]
2024-05-18 16:59:13,032 [main] INFO  client.Client - [Q, 7, 91]
2024-05-18 16:59:13,032 [main] INFO  client.Client - [A, 5, 64]
2024-05-18 16:59:13,032 [main] INFO  client.Client - [D, 73, 1]
2024-05-18 16:59:13,032 [main] INFO  client.Client - [Q, 66, 17]
2024-05-18 16:59:13,032 [main] INFO  client.Client - [Q, 63, 73]
2024-05-18 16:59:13,032 [main] INFO  client.Client - [Q, 32, 33]
2024-05-18 16:59:13,032 [main] INFO  client.Client - [Q, 71, 19]
2024-05-18 16:59:13,032 [main] INFO  client.Client - [Q, 20, 61]
2024-05-18 16:59:13,032 [main] INFO  client.Client - [A, 40, 74]
2024-05-18 16:59:13,032 [main] INFO  client.Client - [Q, 52, 29]
2024-05-18 16:59:13,032 [main] INFO  client.Client - [D, 40, 69]
2024-05-18 16:59:13,032 [main] INFO  client.Client - [Q, 89, 30]
2024-05-18 16:59:13,032 [main] INFO  client.Client - [A, 26, 42]
2024-05-18 16:59:13,032 [main] INFO  client.Client - [Q, 62, 10]
2024-05-18 16:59:13,032 [main] INFO  client.Client - [A, 42, 12]
2024-05-18 16:59:13,033 [main] INFO  client.Client - [D, 86, 24]
2024-05-18 16:59:13,033 [main] INFO  client.Client - [Q, 32, 33]
2024-05-18 16:59:13,033 [main] INFO  client.Client - [Q, 67, 11]
2024-05-18 16:59:13,033 [main] INFO  client.Client - [A, 34, 93]
2024-05-18 16:59:13,033 [main] INFO  client.Client - [A, 31, 59]
2024-05-18 16:59:13,033 [main] INFO  client.Client - [D, 74, 91]
2024-05-18 16:59:13,033 [main] INFO  client.Client - [A, 47, 49]
2024-05-18 16:59:13,033 [main] INFO  client.Client - [D, 8, 97]
2024-05-18 16:59:13,033 [main] INFO  client.Client - [A, 18, 96]
2024-05-18 16:59:13,033 [main] INFO  client.Client - [D, 29, 60]
2024-05-18 16:59:13,033 [main] INFO  client.Client - [Q, 32, 91]
2024-05-18 16:59:13,033 [main] INFO  client.Client - [A, 15, 92]
2024-05-18 16:59:13,033 [main] INFO  client.Client - [A, 5, 43]
2024-05-18 16:59:13,033 [main] INFO  client.Client - [Q, 37, 57]
2024-05-18 16:59:13,033 [main] INFO  client.Client - [D, 84, 54]
2024-05-18 16:59:13,033 [main] INFO  client.Client - [A, 23, 30]
2024-05-18 16:59:13,033 [main] INFO  client.Client - [Q, 50, 7]
2024-05-18 16:59:13,033 [main] INFO  client.Client - [A, 77, 81]
2024-05-18 16:59:13,033 [main] INFO  client.Client - [D, 87, 33]
2024-05-18 16:59:13,033 [main] INFO  client.Client - [Q, 46, 36]
2024-05-18 16:59:13,033 [main] INFO  client.Client - [Q, 78, 84]
2024-05-18 16:59:13,033 [main] INFO  client.Client - [Q, 87, 33]
2024-05-18 16:59:13,033 [main] INFO  client.Client - [Q, 27, 82]
2024-05-18 16:59:13,033 [main] INFO  client.Client - [Q, 8, 71]
2024-05-18 16:59:13,034 [main] INFO  client.Client - [D, 56, 56]
2024-05-18 16:59:13,034 [main] INFO  client.Client - [Q, 37, 3]
2024-05-18 16:59:13,034 [main] INFO  client.Client - [Q, 47, 19]
2024-05-18 16:59:13,034 [main] INFO  client.Client - [Q, 54, 77]
2024-05-18 16:59:13,034 [main] INFO  client.Client - [A, 26, 1]
2024-05-18 16:59:13,034 [main] INFO  client.Client - [A, 8, 50]
2024-05-18 16:59:13,034 [main] INFO  client.Client - [Q, 72, 2]
2024-05-18 16:59:13,034 [main] INFO  client.Client - [Q, 67, 43]
2024-05-18 16:59:13,034 [main] INFO  client.Client - [Q, 47, 70]
2024-05-18 16:59:13,034 [main] INFO  client.Client - [Q, 63, 36]
2024-05-18 16:59:13,034 [main] INFO  client.Client - [A, 99, 72]
2024-05-18 16:59:13,034 [main] INFO  client.Client - [Q, 49, 38]
2024-05-18 16:59:13,034 [main] INFO  client.Client - [A, 72, 9]
2024-05-18 16:59:13,034 [main] INFO  client.Client - [D, 55, 95]
2024-05-18 16:59:13,034 [main] INFO  client.Client - [A, 55, 41]
2024-05-18 16:59:13,034 [main] INFO  client.Client - [Q, 51, 52]
2024-05-18 16:59:13,034 [main] INFO  client.Client - [Q, 60, 65]
2024-05-18 16:59:13,473 [main] INFO  client.Client - Elapsed time: 438 milliseconds
2024-05-18 16:59:13,473 [main] INFO  client.Client - Received: [2, 1, 1, 1, 1, 1, 2, 2, 2, 2, 2, 2, 2, 1, 2, 2, 2, 1, 1, 2, 2, 1, 2, 2, 1, 1, 2, 2, 2, 1, 1, 2, 2, 2, 2, 1, 2, 1, 2, 2, 1, 1, 2, 2]
2024-05-18 16:59:13,474 [main] INFO  client.Client - Sent:
2024-05-18 16:59:13,474 [main] INFO  client.Client - [Q, 78, 58]
2024-05-18 16:59:13,474 [main] INFO  client.Client - [Q, 98, 38]
2024-05-18 16:59:13,474 [main] INFO  client.Client - [A, 53, 86]
2024-05-18 16:59:13,474 [main] INFO  client.Client - [Q, 80, 55]
2024-05-18 16:59:13,474 [main] INFO  client.Client - [Q, 60, 93]
2024-05-18 16:59:13,474 [main] INFO  client.Client - [Q, 67, 60]
2024-05-18 16:59:13,474 [main] INFO  client.Client - [Q, 8, 99]
2024-05-18 16:59:13,475 [main] INFO  client.Client - [A, 50, 64]
2024-05-18 16:59:13,475 [main] INFO  client.Client - [D, 43, 48]
2024-05-18 16:59:13,475 [main] INFO  client.Client - [Q, 66, 3]
2024-05-18 16:59:13,475 [main] INFO  client.Client - [D, 22, 29]
2024-05-18 16:59:13,475 [main] INFO  client.Client - [D, 7, 32]
2024-05-18 16:59:13,475 [main] INFO  client.Client - [Q, 87, 43]
2024-05-18 16:59:13,475 [main] INFO  client.Client - [Q, 71, 34]
2024-05-18 16:59:13,475 [main] INFO  client.Client - [Q, 59, 78]
2024-05-18 16:59:13,475 [main] INFO  client.Client - [A, 57, 67]
2024-05-18 16:59:13,475 [main] INFO  client.Client - [A, 16, 45]
2024-05-18 16:59:13,475 [main] INFO  client.Client - [Q, 13, 24]
2024-05-18 16:59:13,475 [main] INFO  client.Client - [Q, 35, 73]
2024-05-18 16:59:13,475 [main] INFO  client.Client - [Q, 72, 56]
2024-05-18 16:59:13,475 [main] INFO  client.Client - [Q, 13, 17]
2024-05-18 16:59:13,475 [main] INFO  client.Client - [Q, 49, 22]
2024-05-18 16:59:13,475 [main] INFO  client.Client - [Q, 60, 20]
2024-05-18 16:59:13,475 [main] INFO  client.Client - [Q, 57, 42]
2024-05-18 16:59:13,475 [main] INFO  client.Client - [D, 89, 24]
2024-05-18 16:59:13,475 [main] INFO  client.Client - [D, 99, 65]
2024-05-18 16:59:13,475 [main] INFO  client.Client - [A, 34, 83]
2024-05-18 16:59:13,475 [main] INFO  client.Client - [D, 52, 65]
2024-05-18 16:59:13,475 [main] INFO  client.Client - [Q, 52, 46]
2024-05-18 16:59:13,475 [main] INFO  client.Client - [D, 97, 56]
2024-05-18 16:59:13,475 [main] INFO  client.Client - [Q, 6, 18]
2024-05-18 16:59:13,475 [main] INFO  client.Client - [D, 68, 22]
2024-05-18 16:59:13,475 [main] INFO  client.Client - [D, 69, 49]
2024-05-18 16:59:13,475 [main] INFO  client.Client - [D, 21, 22]
2024-05-18 16:59:13,475 [main] INFO  client.Client - [D, 85, 88]
2024-05-18 16:59:13,475 [main] INFO  client.Client - [Q, 42, 5]
2024-05-18 16:59:13,475 [main] INFO  client.Client - [Q, 67, 24]
2024-05-18 16:59:13,475 [main] INFO  client.Client - [D, 70, 49]
2024-05-18 16:59:13,475 [main] INFO  client.Client - [Q, 40, 22]
2024-05-18 16:59:13,476 [main] INFO  client.Client - [D, 54, 73]
2024-05-18 16:59:13,476 [main] INFO  client.Client - [Q, 83, 23]
2024-05-18 16:59:13,476 [main] INFO  client.Client - [Q, 5, 20]
2024-05-18 16:59:13,476 [main] INFO  client.Client - [Q, 39, 28]
2024-05-18 16:59:13,476 [main] INFO  client.Client - [Q, 76, 47]
2024-05-18 16:59:13,476 [main] INFO  client.Client - [D, 30, 60]
2024-05-18 16:59:13,476 [main] INFO  client.Client - [A, 92, 82]
2024-05-18 16:59:13,476 [main] INFO  client.Client - [D, 2, 93]
2024-05-18 16:59:13,476 [main] INFO  client.Client - [Q, 73, 45]
2024-05-18 16:59:13,476 [main] INFO  client.Client - [A, 84, 63]
2024-05-18 16:59:13,476 [main] INFO  client.Client - [D, 69, 54]
2024-05-18 16:59:13,476 [main] INFO  client.Client - [A, 34, 26]
2024-05-18 16:59:13,476 [main] INFO  client.Client - [D, 41, 40]
2024-05-18 16:59:13,476 [main] INFO  client.Client - [D, 76, 3]
2024-05-18 16:59:13,476 [main] INFO  client.Client - [A, 13, 76]
2024-05-18 16:59:13,476 [main] INFO  client.Client - [A, 12, 71]
2024-05-18 16:59:13,476 [main] INFO  client.Client - [Q, 58, 7]
2024-05-18 16:59:13,476 [main] INFO  client.Client - [A, 36, 36]
2024-05-18 16:59:13,476 [main] INFO  client.Client - [D, 78, 66]
2024-05-18 16:59:13,476 [main] INFO  client.Client - [Q, 19, 31]
2024-05-18 16:59:13,477 [main] INFO  client.Client - [A, 91, 23]
2024-05-18 16:59:13,477 [main] INFO  client.Client - [Q, 56, 27]
2024-05-18 16:59:13,477 [main] INFO  client.Client - [A, 45, 53]
2024-05-18 16:59:13,477 [main] INFO  client.Client - [Q, 96, 49]
2024-05-18 16:59:13,477 [main] INFO  client.Client - [A, 89, 47]
2024-05-18 16:59:13,477 [main] INFO  client.Client - [Q, 81, 94]
2024-05-18 16:59:13,477 [main] INFO  client.Client - [D, 71, 53]
2024-05-18 16:59:13,477 [main] INFO  client.Client - [Q, 71, 85]
2024-05-18 16:59:13,477 [main] INFO  client.Client - [Q, 32, 12]
2024-05-18 16:59:13,477 [main] INFO  client.Client - [D, 24, 74]
2024-05-18 16:59:13,477 [main] INFO  client.Client - [Q, 93, 66]
2024-05-18 16:59:13,477 [main] INFO  client.Client - [Q, 15, 10]
2024-05-18 16:59:13,477 [main] INFO  client.Client - [D, 68, 8]
2024-05-18 16:59:13,477 [main] INFO  client.Client - [Q, 82, 64]
2024-05-18 16:59:13,477 [main] INFO  client.Client - [A, 33, 7]
2024-05-18 16:59:13,477 [main] INFO  client.Client - [A, 66, 99]
2024-05-18 16:59:13,477 [main] INFO  client.Client - [D, 28, 23]
2024-05-18 16:59:13,477 [main] INFO  client.Client - [Q, 57, 14]
2024-05-18 16:59:13,477 [main] INFO  client.Client - [Q, 4, 97]
2024-05-18 16:59:13,477 [main] INFO  client.Client - [Q, 98, 72]
2024-05-18 16:59:13,477 [main] INFO  client.Client - [Q, 19, 18]
2024-05-18 16:59:13,477 [main] INFO  client.Client - [Q, 94, 43]
2024-05-18 16:59:13,477 [main] INFO  client.Client - [Q, 37, 66]
2024-05-18 16:59:13,477 [main] INFO  client.Client - [A, 63, 10]
2024-05-18 16:59:13,477 [main] INFO  client.Client - [Q, 25, 86]
2024-05-18 16:59:13,477 [main] INFO  client.Client - [D, 8, 36]
2024-05-18 16:59:13,477 [main] INFO  client.Client - [A, 6, 49]
2024-05-18 16:59:13,477 [main] INFO  client.Client - [Q, 68, 85]
2024-05-18 16:59:13,477 [main] INFO  client.Client - [Q, 63, 98]
2024-05-18 16:59:13,477 [main] INFO  client.Client - [Q, 57, 12]
2024-05-18 16:59:13,478 [main] INFO  client.Client - [A, 31, 72]
2024-05-18 16:59:13,478 [main] INFO  client.Client - [A, 94, 86]
2024-05-18 16:59:13,478 [main] INFO  client.Client - [D, 11, 50]
2024-05-18 16:59:13,478 [main] INFO  client.Client - [A, 96, 18]
2024-05-18 16:59:13,478 [main] INFO  client.Client - [Q, 73, 91]
2024-05-18 16:59:13,478 [main] INFO  client.Client - [Q, 9, 61]
2024-05-18 16:59:13,478 [main] INFO  client.Client - [Q, 58, 4]
2024-05-18 16:59:13,478 [main] INFO  client.Client - [Q, 34, 44]
2024-05-18 16:59:13,478 [main] INFO  client.Client - [Q, 87, 5]
2024-05-18 16:59:13,478 [main] INFO  client.Client - [Q, 22, 96]
2024-05-18 16:59:13,478 [main] INFO  client.Client - [Q, 48, 9]
2024-05-18 16:59:13,750 [main] INFO  client.Client - Elapsed time: 272 milliseconds
2024-05-18 16:59:13,750 [main] INFO  client.Client - Received: [2, 1, 1, 2, 2, 1, 1, 2, 2, 2, 1, 2, 1, 2, 2, 1, 2, 2, 2, 1, 2, 2, 1, 2, 1, 2, 2, 2, 2, 2, 1, 2, 2, 2, 2, 2, 2, 1, 1, 1, 2, 2, 2, 2, 2, 2, 2, 2, 2, 1, 2, 2, 2, 2]
2024-05-18 16:59:13,750 [main] INFO  client.Client - Sent:
2024-05-18 16:59:13,750 [main] INFO  client.Client - [A, 27, 59]
2024-05-18 16:59:13,750 [main] INFO  client.Client - [A, 22, 87]
2024-05-18 16:59:13,750 [main] INFO  client.Client - [D, 0, 28]
2024-05-18 16:59:13,750 [main] INFO  client.Client - [Q, 61, 7]
2024-05-18 16:59:13,750 [main] INFO  client.Client - [D, 66, 14]
2024-05-18 16:59:13,750 [main] INFO  client.Client - [Q, 56, 93]
2024-05-18 16:59:13,751 [main] INFO  client.Client - [D, 77, 74]
2024-05-18 16:59:13,751 [main] INFO  client.Client - [Q, 33, 94]
2024-05-18 16:59:13,751 [main] INFO  client.Client - [D, 15, 31]
2024-05-18 16:59:13,751 [main] INFO  client.Client - [Q, 83, 1]
2024-05-18 16:59:13,751 [main] INFO  client.Client - [Q, 94, 25]
2024-05-18 16:59:13,751 [main] INFO  client.Client - [Q, 51, 7]
2024-05-18 16:59:13,751 [main] INFO  client.Client - [Q, 17, 12]
2024-05-18 16:59:13,751 [main] INFO  client.Client - [Q, 31, 88]
2024-05-18 16:59:13,751 [main] INFO  client.Client - [Q, 8, 26]
2024-05-18 16:59:13,751 [main] INFO  client.Client - [A, 57, 34]
2024-05-18 16:59:13,751 [main] INFO  client.Client - [D, 5, 36]
2024-05-18 16:59:13,751 [main] INFO  client.Client - [Q, 80, 20]
2024-05-18 16:59:13,751 [main] INFO  client.Client - [Q, 39, 15]
2024-05-18 16:59:13,751 [main] INFO  client.Client - [A, 57, 9]
2024-05-18 16:59:13,751 [main] INFO  client.Client - [A, 0, 96]
2024-05-18 16:59:13,751 [main] INFO  client.Client - [Q, 67, 88]
2024-05-18 16:59:13,751 [main] INFO  client.Client - [A, 13, 47]
2024-05-18 16:59:13,751 [main] INFO  client.Client - [Q, 9, 69]
2024-05-18 16:59:13,751 [main] INFO  client.Client - [Q, 93, 88]
2024-05-18 16:59:13,751 [main] INFO  client.Client - [Q, 70, 39]
2024-05-18 16:59:13,751 [main] INFO  client.Client - [Q, 91, 8]
2024-05-18 16:59:13,751 [main] INFO  client.Client - [D, 55, 6]
2024-05-18 16:59:13,751 [main] INFO  client.Client - [D, 47, 20]
2024-05-18 16:59:13,751 [main] INFO  client.Client - [Q, 54, 13]
2024-05-18 16:59:13,751 [main] INFO  client.Client - [Q, 47, 11]
2024-05-18 16:59:13,751 [main] INFO  client.Client - [D, 72, 53]
2024-05-18 16:59:13,752 [main] INFO  client.Client - [Q, 1, 44]
2024-05-18 16:59:13,752 [main] INFO  client.Client - [D, 43, 23]
2024-05-18 16:59:13,752 [main] INFO  client.Client - [A, 2, 40]
2024-05-18 16:59:13,752 [main] INFO  client.Client - [Q, 67, 81]
2024-05-18 16:59:13,752 [main] INFO  client.Client - [Q, 44, 15]
2024-05-18 16:59:13,752 [main] INFO  client.Client - [A, 11, 2]
2024-05-18 16:59:13,752 [main] INFO  client.Client - [Q, 76, 7]
2024-05-18 16:59:13,752 [main] INFO  client.Client - [Q, 67, 67]
2024-05-18 16:59:13,752 [main] INFO  client.Client - [D, 53, 77]
2024-05-18 16:59:13,752 [main] INFO  client.Client - [Q, 79, 58]
2024-05-18 16:59:13,752 [main] INFO  client.Client - [A, 81, 51]
2024-05-18 16:59:13,752 [main] INFO  client.Client - [D, 27, 9]
2024-05-18 16:59:13,752 [main] INFO  client.Client - [A, 68, 30]
2024-05-18 16:59:13,752 [main] INFO  client.Client - [D, 58, 24]
2024-05-18 16:59:13,752 [main] INFO  client.Client - [Q, 49, 87]
2024-05-18 16:59:13,752 [main] INFO  client.Client - [Q, 12, 71]
2024-05-18 16:59:13,752 [main] INFO  client.Client - [D, 83, 27]
2024-05-18 16:59:13,752 [main] INFO  client.Client - [Q, 14, 36]
2024-05-18 16:59:13,752 [main] INFO  client.Client - [D, 73, 83]
2024-05-18 16:59:13,752 [main] INFO  client.Client - [A, 55, 87]
2024-05-18 16:59:13,752 [main] INFO  client.Client - [A, 70, 53]
2024-05-18 16:59:13,752 [main] INFO  client.Client - [A, 87, 5]
2024-05-18 16:59:13,753 [main] INFO  client.Client - [Q, 26, 56]
2024-05-18 16:59:13,753 [main] INFO  client.Client - [D, 97, 62]
2024-05-18 16:59:13,753 [main] INFO  client.Client - [Q, 66, 45]
2024-05-18 16:59:13,753 [main] INFO  client.Client - [D, 87, 53]
2024-05-18 16:59:13,753 [main] INFO  client.Client - [A, 89, 97]
2024-05-18 16:59:13,753 [main] INFO  client.Client - [D, 42, 88]
2024-05-18 16:59:13,753 [main] INFO  client.Client - [Q, 30, 42]
2024-05-18 16:59:13,753 [main] INFO  client.Client - [A, 88, 86]
2024-05-18 16:59:13,753 [main] INFO  client.Client - [D, 45, 97]
2024-05-18 16:59:13,753 [main] INFO  client.Client - [Q, 7, 52]
2024-05-18 16:59:13,753 [main] INFO  client.Client - [Q, 59, 61]
2024-05-18 16:59:13,753 [main] INFO  client.Client - [D, 41, 67]
2024-05-18 16:59:13,753 [main] INFO  client.Client - [D, 61, 1]
2024-05-18 16:59:13,753 [main] INFO  client.Client - [Q, 52, 49]
2024-05-18 16:59:13,753 [main] INFO  client.Client - [A, 57, 61]
2024-05-18 16:59:13,753 [main] INFO  client.Client - [A, 65, 82]
2024-05-18 16:59:13,753 [main] INFO  client.Client - [A, 69, 36]
2024-05-18 16:59:13,753 [main] INFO  client.Client - [D, 53, 27]
2024-05-18 16:59:13,753 [main] INFO  client.Client - [D, 2, 47]
2024-05-18 16:59:13,753 [main] INFO  client.Client - [Q, 29, 15]
2024-05-18 16:59:13,754 [main] INFO  client.Client - [D, 43, 51]
2024-05-18 16:59:13,754 [main] INFO  client.Client - [D, 29, 50]
2024-05-18 16:59:13,754 [main] INFO  client.Client - [D, 53, 77]
2024-05-18 16:59:13,754 [main] INFO  client.Client - [D, 75, 74]
2024-05-18 16:59:13,754 [main] INFO  client.Client - [Q, 80, 32]
2024-05-18 16:59:13,754 [main] INFO  client.Client - [Q, 52, 51]
2024-05-18 16:59:13,754 [main] INFO  client.Client - [Q, 10, 36]
2024-05-18 16:59:13,754 [main] INFO  client.Client - [A, 93, 56]
2024-05-18 16:59:13,754 [main] INFO  client.Client - [Q, 40, 93]
2024-05-18 16:59:13,754 [main] INFO  client.Client - [Q, 72, 6]
2024-05-18 16:59:13,754 [main] INFO  client.Client - [A, 60, 43]
2024-05-18 16:59:13,754 [main] INFO  client.Client - [Q, 16, 45]
2024-05-18 16:59:13,754 [main] INFO  client.Client - [Q, 33, 15]
2024-05-18 16:59:13,754 [main] INFO  client.Client - [A, 86, 2]
2024-05-18 16:59:13,754 [main] INFO  client.Client - [D, 34, 57]
2024-05-18 16:59:13,754 [main] INFO  client.Client - [A, 93, 91]
2024-05-18 16:59:13,754 [main] INFO  client.Client - [D, 0, 3]
2024-05-18 16:59:13,754 [main] INFO  client.Client - [Q, 21, 48]
2024-05-18 16:59:13,754 [main] INFO  client.Client - [A, 99, 43]
2024-05-18 16:59:13,754 [main] INFO  client.Client - [D, 25, 63]
2024-05-18 16:59:13,755 [main] INFO  client.Client - [Q, 15, 41]
2024-05-18 16:59:13,755 [main] INFO  client.Client - [A, 23, 8]
2024-05-18 16:59:13,755 [main] INFO  client.Client - [D, 90, 9]
2024-05-18 16:59:13,755 [main] INFO  client.Client - [D, 19, 14]
2024-05-18 16:59:13,755 [main] INFO  client.Client - [Q, 87, 59]
2024-05-18 16:59:13,755 [main] INFO  client.Client - [A, 7, 34]
